2020-Jan-28 14:58:59 Наличие необходимых модулей php (check_php_modules): Ok
Все необходимые модули установлены
2020-Jan-28 14:58:59 Обязательные параметры PHP (check_php_settings): Ok
Настройки правильные
2020-Jan-28 14:58:59 Модули веб-сервера (check_security): Ok
Конфликтов не выявлено
2020-Jan-28 14:58:59 Значения переменных сервера (check_server_vars): Ok
Корректные
2020-Jan-28 14:58:59 Сохранение сессии (check_session): Ok
50% done
2020-Jan-28 14:58:59 Сохранение сессии (check_session): Ok
Успешно
2020-Jan-28 14:58:59 Параметры настройки UTF (mbstring и константа BX_UTF) (check_mbstring): Fail
Ошибка! Строковая функция strlen работает некорректно.
2020-Jan-28 14:58:59 Служебные скрипты в корне сайта (check_install_scripts): Fail
Ошибка! Файл существует: /upload/export_file.csv

2020-Jan-28 14:59:00 Работа с сокетами (check_socket): Ok
Connection to ssl://www.rezalmaz.ru:443	Success

Успешно
2020-Jan-28 14:59:00 Выполнение агентов на cron (check_bx_crontab): Warning
Замечание. Агенты выполняются на хитах, рекомендуется перевести выполнение агентов на cron
2020-Jan-28 14:59:00 Параметры подключения к базе данных (check_dbconn_settings): Ok
Успешно
2020-Jan-28 14:59:00 Лишний вывод в файлах конфигурации (check_dbconn): Ok
Connection to ssl://www.rezalmaz.ru:443	Success

Успешно
2020-Jan-28 14:59:00 Сохранение сессии без UserAgent (check_session_ua): Ok
50% done
Connection to ssl://www.rezalmaz.ru:443	Success

2020-Jan-28 14:59:00 Сохранение сессии без UserAgent (check_session_ua): Ok
Connection to ssl://www.rezalmaz.ru:443	Success

Успешно
2020-Jan-28 14:59:00 Настройки сайтов (check_sites): Ok
Правильные
2020-Jan-28 14:59:00 Передача объектов по ссылке (check_clone): Ok
Успешно
2020-Jan-28 14:59:00 Размер стека и pcre.recursion_limit (check_pcre_recursion): Ok
Connection to ssl://www.rezalmaz.ru:443	Success

Успешно
2020-Jan-28 14:59:01 Загрузка файла (check_upload): Ok
Connection to ssl://www.rezalmaz.ru:443	Success

Успешно
2020-Jan-28 14:59:01 Загрузка файла больше 4Мб (check_upload_big): Ok
Connection to ssl://www.rezalmaz.ru:443	Success

Успешно
2020-Jan-28 14:59:01 Загрузка файла через php://input (check_upload_raw): Ok
Connection to ssl://www.rezalmaz.ru:443	Success

Успешно
2020-Jan-28 14:59:01 Передача POST запроса с большим числом параметров (check_post): Ok
Connection to ssl://www.rezalmaz.ru:443	Success

Успешно
2020-Jan-28 14:59:01 Отправка почты (check_mail): Ok
Успешно
2020-Jan-28 14:59:01 Отправка почтового сообщения больше 64Кб (check_mail_big): Ok
Успешно
2020-Jan-28 14:59:01 Проверка на наличие неотправленных сообщений (check_mail_b_event): Ok
Успешно
2020-Jan-28 14:59:01 Внутреннее перенаправление (функция LocalRedirect) (check_localredirect): Ok
50% done
Connection to ssl://www.rezalmaz.ru:443	Success

2020-Jan-28 14:59:02 Внутреннее перенаправление (функция LocalRedirect) (check_localredirect): Ok
Connection to ssl://www.rezalmaz.ru:443	Success

Успешно
2020-Jan-28 14:59:02 Фактическое ограничение памяти (check_memory_limit): Ok
20% done
Connection to ssl://www.rezalmaz.ru:443	Success

2020-Jan-28 14:59:02 Фактическое ограничение памяти (check_memory_limit): Ok
40% done
Connection to ssl://www.rezalmaz.ru:443	Success

2020-Jan-28 14:59:02 Фактическое ограничение памяти (check_memory_limit): Ok
60% done
Connection to ssl://www.rezalmaz.ru:443	Success

2020-Jan-28 14:59:03 Фактическое ограничение памяти (check_memory_limit): Ok
80% done
Connection to ssl://www.rezalmaz.ru:443	Success

2020-Jan-28 14:59:03 Фактическое ограничение памяти (check_memory_limit): Ok
Connection to ssl://www.rezalmaz.ru:443	Success

Не менее 256 М
2020-Jan-28 14:59:03 Работа с файлами кеша (check_cache): Ok
Успешно
2020-Jan-28 14:59:04 Доступ к серверу обновлений (check_update): Ok
Успешно
2020-Jan-28 14:59:04 HTTP авторизация (check_http_auth): Ok
Connection to ssl://www.rezalmaz.ru:443	Success

Успешно
2020-Jan-28 14:59:04 Создание и запуск файла (check_exec): Ok
Connection to ssl://www.rezalmaz.ru:443	Success

Успешно
2020-Jan-28 14:59:04 Функция getimagesize для swf (check_getimagesize): Ok
Успешно
2020-Jan-28 14:59:04 Версия MySQL-сервера (check_mysql_bug_version): Ok
Успешно
2020-Jan-28 14:59:05 Время на БД и веб-сервере (check_mysql_time): Ok
Успешно
2020-Jan-28 14:59:05 Режим работы MySQL (check_mysql_mode): Ok
Успешно
2020-Jan-28 14:59:05 Кодировка соединения (check_mysql_connection_charset): Ok
character_set_connection=utf8, collation_connection=utf8_unicode_ci, character_set_results=utf8
Успешно
2020-Jan-28 14:59:05 Кодировка базы данных (check_mysql_db_charset): Ok
CHARSET=utf8, COLLATION=utf8_unicode_ci
Успешно
2020-Jan-28 14:59:05 Кодировки таблиц в БД (check_mysql_table_charset): Ok
Успешно
2020-Jan-28 14:59:05 Структура базы данных (check_mysql_table_structure): Ok
0% done
2020-Jan-28 14:59:05 Структура базы данных (check_mysql_table_structure): Ok
5% done
2020-Jan-28 14:59:06 Структура базы данных (check_mysql_table_structure): Ok
11% done
2020-Jan-28 14:59:07 Структура базы данных (check_mysql_table_structure): Ok
17% done
2020-Jan-28 14:59:07 Структура базы данных (check_mysql_table_structure): Ok
23% done
2020-Jan-28 14:59:07 Структура базы данных (check_mysql_table_structure): Ok
29% done
2020-Jan-28 14:59:07 Структура базы данных (check_mysql_table_structure): Ok
35% done
2020-Jan-28 14:59:08 Структура базы данных (check_mysql_table_structure): Ok
41% done
2020-Jan-28 14:59:08 Структура базы данных (check_mysql_table_structure): Ok
47% done
2020-Jan-28 14:59:08 Структура базы данных (check_mysql_table_structure): Ok
52% done
2020-Jan-28 14:59:08 Структура базы данных (check_mysql_table_structure): Ok
58% done
2020-Jan-28 14:59:08 Структура базы данных (check_mysql_table_structure): Ok
64% done
2020-Jan-28 14:59:09 Структура базы данных (check_mysql_table_structure): Ok
70% done
2020-Jan-28 14:59:09 Структура базы данных (check_mysql_table_structure): Ok
76% done
2020-Jan-28 14:59:09 Структура базы данных (check_mysql_table_structure): Ok
82% done
2020-Jan-28 14:59:09 Структура базы данных (check_mysql_table_structure): Ok
88% done
2020-Jan-28 14:59:09 Структура базы данных (check_mysql_table_structure): Ok
94% done
2020-Jan-28 14:59:09 Структура базы данных (check_mysql_table_structure): Ok
Успешно
