2011-05-06 11:28:57 -  - exec CUpdateClient::GetUpdatesList
2011-05-06 11:28:57 -  - exec CUpdateClient::CollectRequestData
2011-05-06 11:28:57 -  - LICENSE_KEY=X&lang=ru&SUPD_VER=9.5.6&VERSION=10.0.1&TYPENC=D&SUPD_STS=1&SUPD_URS=0&SUPD_URSA=1&SUPD_DBS=MYSQL&XE=N&CLIENT_SITE=rezalmaz.ru&CANGZIP=Y&CLIENT_PHPVER=5.2.6-1%2Blenny10&stable=Y&bitm_main=10.0.1&bitm_perfmon=10.0.0&bitm_socialservices=10.0.1&bitm_compression=10.0.0&bitm_fileman=10.0.0&bitm_search=10.0.0&bitm_sitecorporate=10.0.0&bitm_seo=10.0.0&bitm_iblock=10.0.1&bitl_en=20070905&bitl_ru=&bith_ru=&bith_en=
2011-05-06 11:28:57 -  - exec CUpdateClient::GetHTTPPage
2011-05-06 11:28:58 -  - TIME GetUpdatesList(request) 0.86 sec
2011-05-06 11:28:58 -  - exec CUpdateClient::ParseServerData
2011-05-06 11:30:26 -  - exec CUpdateClient::GetUpdatesList
2011-05-06 11:30:26 -  - exec CUpdateClient::CollectRequestData
2011-05-06 11:30:26 -  - LICENSE_KEY=X&lang=ru&SUPD_VER=9.5.6&VERSION=10.0.1&TYPENC=D&SUPD_STS=1&SUPD_URS=0&SUPD_URSA=1&SUPD_DBS=MYSQL&XE=N&CLIENT_SITE=rezalmaz.ru&CANGZIP=Y&CLIENT_PHPVER=5.2.6-1%2Blenny10&stable=Y&bitm_main=10.0.1&bitm_perfmon=10.0.0&bitm_socialservices=10.0.1&bitm_compression=10.0.0&bitm_fileman=10.0.0&bitm_search=10.0.0&bitm_sitecorporate=10.0.0&bitm_seo=10.0.0&bitm_iblock=10.0.1&bitl_en=20070905&bitl_ru=&bith_ru=&bith_en=
2011-05-06 11:30:26 -  - exec CUpdateClient::GetHTTPPage
2011-05-06 11:30:26 -  - TIME GetUpdatesList(request) 0.24 sec
2011-05-06 11:30:26 -  - exec CUpdateClient::ParseServerData
2011-05-06 11:31:26 -  - exec CUpdateClient::GetUpdatesList
2011-05-06 11:31:26 -  - exec CUpdateClient::CollectRequestData
2011-05-06 11:31:26 -  - LICENSE_KEY=X&lang=ru&SUPD_VER=9.5.6&VERSION=10.0.1&TYPENC=D&SUPD_STS=1&SUPD_URS=0&SUPD_URSA=1&SUPD_DBS=MYSQL&XE=N&CLIENT_SITE=rezalmaz.ru&CANGZIP=Y&CLIENT_PHPVER=5.2.6-1%2Blenny10&stable=Y&bitm_main=10.0.1&bitm_perfmon=10.0.0&bitm_socialservices=10.0.1&bitm_compression=10.0.0&bitm_fileman=10.0.0&bitm_search=10.0.0&bitm_sitecorporate=10.0.0&bitm_seo=10.0.0&bitm_iblock=10.0.1&bitl_en=20070905&bitl_ru=&bith_ru=&bith_en=
2011-05-06 11:31:26 -  - exec CUpdateClient::GetHTTPPage
2011-05-06 11:31:27 -  - TIME GetUpdatesList(request) 0.652 sec
2011-05-06 11:31:27 -  - exec CUpdateClient::ParseServerData
2011-05-06 11:32:24 -  - exec CUpdateClient::GetUpdatesList
2011-05-06 11:32:24 -  - exec CUpdateClient::CollectRequestData
2011-05-06 11:32:24 -  - LICENSE_KEY=X&lang=ru&SUPD_VER=9.5.6&VERSION=10.0.1&TYPENC=D&SUPD_STS=1&SUPD_URS=0&SUPD_URSA=1&SUPD_DBS=MYSQL&XE=N&CLIENT_SITE=rezalmaz.ru&CANGZIP=Y&CLIENT_PHPVER=5.2.6-1%2Blenny10&stable=Y&bitm_main=10.0.1&bitm_perfmon=10.0.0&bitm_socialservices=10.0.1&bitm_compression=10.0.0&bitm_fileman=10.0.0&bitm_search=10.0.0&bitm_sitecorporate=10.0.0&bitm_seo=10.0.0&bitm_iblock=10.0.1&bitl_en=20070905&bitl_ru=&bith_ru=&bith_en=
2011-05-06 11:32:24 -  - exec CUpdateClient::GetHTTPPage
2011-05-06 11:32:24 -  - TIME GetUpdatesList(request) 0.192 sec
2011-05-06 11:32:24 -  - exec CUpdateClient::ParseServerData
2011-05-06 11:38:45 -  - exec CUpdateClient::GetUpdatesList
2011-05-06 11:38:45 -  - exec CUpdateClient::CollectRequestData
2011-05-06 11:38:45 -  - LICENSE_KEY=X&lang=ru&SUPD_VER=9.5.6&VERSION=10.0.1&TYPENC=D&SUPD_STS=1&SUPD_URS=0&SUPD_URSA=1&SUPD_DBS=MYSQL&XE=N&CLIENT_SITE=rezalmaz.ru&CANGZIP=Y&CLIENT_PHPVER=5.2.6-1%2Blenny10&stable=Y&bitm_main=10.0.1&bitm_perfmon=10.0.0&bitm_socialservices=10.0.1&bitm_compression=10.0.0&bitm_fileman=10.0.0&bitm_search=10.0.0&bitm_sitecorporate=10.0.0&bitm_seo=10.0.0&bitm_iblock=10.0.1&bitl_en=20070905&bitl_ru=&bith_ru=&bith_en=
2011-05-06 11:38:45 -  - exec CUpdateClient::GetHTTPPage
2011-05-06 11:38:45 -  - TIME GetUpdatesList(request) 0.38 sec
2011-05-06 11:38:45 -  - exec CUpdateClient::ParseServerData
2011-05-06 12:05:04 -  - exec CUpdateClient::GetUpdatesList
2011-05-06 12:05:04 -  - exec CUpdateClient::CollectRequestData
2011-05-06 12:05:04 -  - LICENSE_KEY=X&lang=ru&SUPD_VER=9.5.6&VERSION=10.0.1&TYPENC=D&SUPD_STS=1&SUPD_URS=0&SUPD_URSA=1&SUPD_DBS=MYSQL&XE=N&CLIENT_SITE=rezalmaz.ru&CANGZIP=Y&CLIENT_PHPVER=5.2.6-1%2Blenny10&stable=Y&bitm_main=10.0.1&bitm_perfmon=10.0.0&bitm_socialservices=10.0.1&bitm_compression=10.0.0&bitm_fileman=10.0.0&bitm_search=10.0.0&bitm_sitecorporate=10.0.0&bitm_seo=10.0.0&bitm_iblock=10.0.1&bitl_en=20070905&bitl_ru=&bith_ru=&bith_en=
2011-05-06 12:05:04 -  - exec CUpdateClient::GetHTTPPage
2011-05-06 12:05:05 -  - TIME GetUpdatesList(request) 0.216 sec
2011-05-06 12:05:05 -  - exec CUpdateClient::ParseServerData
2011-05-06 12:05:57 -  - exec CUpdateClient::GetUpdatesList
2011-05-06 12:05:57 -  - exec CUpdateClient::CollectRequestData
2011-05-06 12:05:57 -  - LICENSE_KEY=X&lang=ru&SUPD_VER=9.5.6&VERSION=10.0.1&TYPENC=D&SUPD_STS=1&SUPD_URS=0&SUPD_URSA=1&SUPD_DBS=MYSQL&XE=N&CLIENT_SITE=rezalmaz.ru&CANGZIP=Y&CLIENT_PHPVER=5.2.6-1%2Blenny10&stable=Y&bitm_main=10.0.1&bitm_perfmon=10.0.0&bitm_socialservices=10.0.1&bitm_compression=10.0.0&bitm_fileman=10.0.0&bitm_search=10.0.0&bitm_sitecorporate=10.0.0&bitm_seo=10.0.0&bitm_iblock=10.0.1&bitl_en=20070905&bitl_ru=&bith_ru=&bith_en=
2011-05-06 12:05:57 -  - exec CUpdateClient::GetHTTPPage
2011-05-06 12:05:57 -  - TIME GetUpdatesList(request) 0.388 sec
2011-05-06 12:05:57 -  - exec CUpdateClient::ParseServerData
2011-05-06 12:21:15 -  - exec CUpdateClient::GetUpdatesList
2011-05-06 12:21:15 -  - exec CUpdateClient::CollectRequestData
2011-05-06 12:21:15 -  - LICENSE_KEY=X&lang=ru&SUPD_VER=9.5.6&VERSION=10.0.1&TYPENC=D&SUPD_STS=1&SUPD_URS=0&SUPD_URSA=1&SUPD_DBS=MYSQL&XE=N&CLIENT_SITE=rezalmaz.ru&CANGZIP=Y&CLIENT_PHPVER=5.2.6-1%2Blenny10&stable=Y&bitm_main=10.0.1&bitm_perfmon=10.0.0&bitm_socialservices=10.0.1&bitm_compression=10.0.0&bitm_fileman=10.0.0&bitm_search=10.0.0&bitm_sitecorporate=10.0.0&bitm_seo=10.0.0&bitm_iblock=10.0.1&bitl_en=20070905&bitl_ru=&bith_ru=&bith_en=
2011-05-06 12:21:15 -  - exec CUpdateClient::GetHTTPPage
2011-05-06 12:21:15 -  - TIME GetUpdatesList(request) 0.324 sec
2011-05-06 12:21:15 -  - exec CUpdateClient::ParseServerData
2011-05-06 12:28:24 -  - exec CUpdateClient::ActivateLicenseKey
2011-05-06 12:28:24 -  - exec CUpdateClient::CollectRequestData
2011-05-06 12:28:24 -  - LICENSE_KEY=X&lang=ru&SUPD_VER=9.5.6&VERSION=10.0.1&TYPENC=D&SUPD_STS=1&SUPD_URS=0&SUPD_URSA=1&SUPD_DBS=MYSQL&XE=N&CLIENT_SITE=rezalmaz.ru&CANGZIP=Y&CLIENT_PHPVER=5.2.6-1%2Blenny10&stable=Y&bitm_main=10.0.1&bitm_perfmon=10.0.0&bitm_socialservices=10.0.1&bitm_compression=10.0.0&bitm_fileman=10.0.0&bitm_search=10.0.0&bitm_sitecorporate=10.0.0&bitm_seo=10.0.0&bitm_iblock=10.0.1&bitl_en=20070905&bitl_ru=&bith_ru=&bith_en=&query_type=activate
2011-05-06 12:28:24 -  - exec CUpdateClient::GetHTTPPage
2011-05-06 12:28:25 -  - TIME ActivateLicenseKey(request) 0.732 sec
2011-05-06 12:28:25 -  - exec CUpdateClient::ParseServerData
2011-05-06 12:28:25 - CUALK - License key activated successfully!
2011-05-06 12:28:25 - UPD_SUCCESS - Licence activated
2011-05-06 12:28:25 -  - exec CUpdateClient::GetUpdatesList
2011-05-06 12:28:25 -  - exec CUpdateClient::CollectRequestData
2011-05-06 12:28:26 -  - LICENSE_KEY=X&lang=ru&SUPD_VER=9.5.6&VERSION=10.0.1&TYPENC=D&SUPD_STS=1&SUPD_URS=0&SUPD_URSA=1&SUPD_DBS=MYSQL&XE=N&CLIENT_SITE=rezalmaz.ru&CANGZIP=Y&CLIENT_PHPVER=5.2.6-1%2Blenny10&stable=Y&bitm_main=10.0.1&bitm_perfmon=10.0.0&bitm_socialservices=10.0.1&bitm_compression=10.0.0&bitm_fileman=10.0.0&bitm_search=10.0.0&bitm_sitecorporate=10.0.0&bitm_seo=10.0.0&bitm_iblock=10.0.1&bitl_en=20070905&bitl_ru=&bith_ru=&bith_en=
2011-05-06 12:28:26 -  - exec CUpdateClient::GetHTTPPage
2011-05-06 12:28:26 -  - TIME GetUpdatesList(request) 0.372 sec
2011-05-06 12:28:26 -  - exec CUpdateClient::ParseServerData
2011-05-06 12:28:31 -  - exec CUpdateClient::RegisterVersion
2011-05-06 12:28:31 -  - exec CUpdateClient::CollectRequestData
2011-05-06 12:28:31 -  - LICENSE_KEY=X&lang=ru&SUPD_VER=9.5.6&VERSION=10.0.1&TYPENC=D&SUPD_STS=1&SUPD_URS=0&SUPD_URSA=1&SUPD_DBS=MYSQL&XE=N&CLIENT_SITE=rezalmaz.ru&CANGZIP=Y&CLIENT_PHPVER=5.2.6-1%2Blenny10&stable=Y&bitm_main=10.0.1&bitm_perfmon=10.0.0&bitm_socialservices=10.0.1&bitm_compression=10.0.0&bitm_fileman=10.0.0&bitm_search=10.0.0&bitm_sitecorporate=10.0.0&bitm_seo=10.0.0&bitm_iblock=10.0.1&bitl_en=20070905&bitl_ru=&bith_ru=&bith_en=&query_type=register
2011-05-06 12:28:31 -  - exec CUpdateClient::GetHTTPPage
2011-05-06 12:28:32 -  - TIME RegisterVersion(request) 0.744 sec
2011-05-06 12:28:32 -  - exec CUpdateClient::UnGzipArchive
2011-05-06 12:28:32 -  - TIME UnGzipArchive 0.004 sec
2011-05-06 12:28:32 -  - exec CUpdateClient::ParseServerData
2011-05-06 12:28:32 - CURV - Product registered successfully!
2011-05-06 12:28:32 - UPD_SUCCESS - Registered
2011-05-06 12:28:35 -  - exec CUpdateClient::LoadModulesUpdates
2011-05-06 12:28:35 -  - exec CUpdateClient::CollectRequestData
2011-05-06 12:28:35 -  - LICENSE_KEY=X&lang=ru&SUPD_VER=9.5.6&VERSION=10.0.1&TYPENC=E&SUPD_STS=1&SUPD_URS=0&SUPD_URSA=1&SUPD_DBS=MYSQL&XE=N&CLIENT_SITE=rezalmaz.ru&CANGZIP=Y&CLIENT_PHPVER=5.2.6-1%2Blenny10&stable=Y&bitm_main=10.0.1&bitm_perfmon=10.0.0&bitm_socialservices=10.0.1&bitm_compression=10.0.0&bitm_fileman=10.0.0&bitm_search=10.0.0&bitm_sitecorporate=10.0.0&bitm_seo=10.0.0&bitm_iblock=10.0.1&bitl_en=20070905&bitl_ru=&bith_ru=&bith_en=
2011-05-06 12:28:35 -  - exec CUpdateClient::GetHTTPPage
2011-05-06 12:28:35 -  - TIME LoadModulesUpdates(request) 0.344 sec
2011-05-06 12:28:35 -  - exec CUpdateClient::ParseServerData
2011-05-06 12:28:35 - LMU01 - LoadModulesUpdates-Step
2011-05-06 12:28:35 -  - exec CUpdateClient::LoadModulesUpdates
2011-05-06 12:28:35 -  - exec CUpdateClient::CollectRequestData
2011-05-06 12:28:35 -  - exec CUpdateClient::ParseServerData
2011-05-06 12:28:36 - DOWNLOAD - Time - 0.572006940842 sec
2011-05-06 12:28:36 -  - exec CUpdateClient::UnGzipArchive
2011-05-06 12:28:36 -  - TIME UnGzipArchive 0.096 sec
2011-05-06 12:28:36 - CSURUS1 - Run updater '/bitrix/updates/update_m1304670516/main/updater10.0.2.php'
2011-05-06 12:28:36 - CRUPDCF1 - Run updater '/bitrix/updates/update_m1304670516/main/updater10.0.2.php': CopyFiles(install/components, components)
2011-05-06 12:28:36 - CRUPDCF1 - Run updater '/bitrix/updates/update_m1304670516/main/updater10.0.2.php': CopyFiles(install/js, js)
2011-05-06 12:28:36 - CRUPDCF1 - Run updater '/bitrix/updates/update_m1304670516/main/updater10.0.2.php': CopyFiles(install/themes, themes)
2011-05-06 12:28:36 - CRUPDCDF2 - Run updater '/bitrix/updates/update_m1304670516/main/updater10.0.2.php': Query(Array, )
2011-05-06 12:28:36 -  - TIME UpdateStepModules 0.368 sec
2011-05-06 12:28:36 - UPD_SUCCESS - Updated: main (10.0.2)<br><li>Добавлена поддержка авторизации HTTP Digest (включается в настройках модуля). <li>В пользовательских полях реализована проверка обязательности для файловых типов. <li>Разработчикам: добавлен парсер текста CTextParser (для обработки BBCode, HTML). 
2011-05-06 12:28:37 -  - exec CUpdateClient::LoadModulesUpdates
2011-05-06 12:28:37 -  - exec CUpdateClient::CollectRequestData
2011-05-06 12:28:37 -  - LICENSE_KEY=X&lang=ru&SUPD_VER=9.5.6&VERSION=10.0.2&TYPENC=E&SUPD_STS=1&SUPD_URS=0&SUPD_URSA=1&SUPD_DBS=MYSQL&XE=N&CLIENT_SITE=rezalmaz.ru&CANGZIP=Y&CLIENT_PHPVER=5.2.6-1%2Blenny10&stable=Y&bitm_main=10.0.2&bitm_perfmon=10.0.0&bitm_socialservices=10.0.1&bitm_compression=10.0.0&bitm_fileman=10.0.0&bitm_search=10.0.0&bitm_sitecorporate=10.0.0&bitm_seo=10.0.0&bitm_iblock=10.0.1&bitl_en=20070905&bitl_ru=&bith_ru=&bith_en=
2011-05-06 12:28:37 -  - exec CUpdateClient::GetHTTPPage
2011-05-06 12:28:37 -  - TIME LoadModulesUpdates(request) 0.216 sec
2011-05-06 12:28:37 -  - exec CUpdateClient::ParseServerData
2011-05-06 12:28:37 - LMU01 - LoadModulesUpdates-Step
2011-05-06 12:28:37 -  - exec CUpdateClient::LoadModulesUpdates
2011-05-06 12:28:37 -  - exec CUpdateClient::CollectRequestData
2011-05-06 12:28:37 -  - exec CUpdateClient::ParseServerData
2011-05-06 12:28:38 - DOWNLOAD - Time - 0.692008972168 sec
2011-05-06 12:28:38 -  - exec CUpdateClient::UnGzipArchive
2011-05-06 12:28:38 -  - TIME UnGzipArchive 0.1 sec
2011-05-06 12:28:38 - CSURUS1 - Run updater '/bitrix/updates/update_m1304670518/main/updater10.0.3.php'
2011-05-06 12:28:38 - CRUPDCF1 - Run updater '/bitrix/updates/update_m1304670518/main/updater10.0.3.php': CopyFiles(install/components, components)
2011-05-06 12:28:38 - CRUPDCF1 - Run updater '/bitrix/updates/update_m1304670518/main/updater10.0.3.php': CopyFiles(install/js, js)
2011-05-06 12:28:38 -  - TIME UpdateStepModules 0.408 sec
2011-05-06 12:28:38 - UPD_SUCCESS - Updated: main (10.0.3)<br><li>Усилена проверка email пользователя: теперь не допускаются угловые скобки и комментарий. <li>Незначительные улучшения и исправления в компонентах гридов. <li>Исправлена ошибка: при построении динамического меню (*.menu_ext.php) меню подключалось за пределами папки сайта. <li>Исправлена ошибка: в компоненте main.register не устанавливалось значение поля \"Сайт для оповещения\". <li>Исправлена ошибка в компоненте меню: если в подменю не было доступных пунктов, то нарушалась верстка. <li>Теперь функция CMain::ShowMeta() допускает использование специальных символов (html entities) в значениях свойств. 
2011-05-06 12:28:39 -  - exec CUpdateClient::LoadModulesUpdates
2011-05-06 12:28:39 -  - exec CUpdateClient::CollectRequestData
2011-05-06 12:28:39 -  - LICENSE_KEY=X&lang=ru&SUPD_VER=9.5.6&VERSION=10.0.3&TYPENC=E&SUPD_STS=1&SUPD_URS=0&SUPD_URSA=1&SUPD_DBS=MYSQL&XE=N&CLIENT_SITE=rezalmaz.ru&CANGZIP=Y&CLIENT_PHPVER=5.2.6-1%2Blenny10&stable=Y&bitm_main=10.0.3&bitm_perfmon=10.0.0&bitm_socialservices=10.0.1&bitm_compression=10.0.0&bitm_fileman=10.0.0&bitm_search=10.0.0&bitm_sitecorporate=10.0.0&bitm_seo=10.0.0&bitm_iblock=10.0.1&bitl_en=20070905&bitl_ru=&bith_ru=&bith_en=
2011-05-06 12:28:39 -  - exec CUpdateClient::GetHTTPPage
2011-05-06 12:28:39 -  - TIME LoadModulesUpdates(request) 0.252 sec
2011-05-06 12:28:39 -  - exec CUpdateClient::ParseServerData
2011-05-06 12:28:39 - LMU01 - LoadModulesUpdates-Step
2011-05-06 12:28:39 -  - exec CUpdateClient::LoadModulesUpdates
2011-05-06 12:28:39 -  - exec CUpdateClient::CollectRequestData
2011-05-06 12:28:39 -  - exec CUpdateClient::ParseServerData
2011-05-06 12:28:40 - DOWNLOAD - Time - 0.492007017136 sec
2011-05-06 12:28:40 -  - exec CUpdateClient::UnGzipArchive
2011-05-06 12:28:40 -  - TIME UnGzipArchive 0.056 sec
2011-05-06 12:28:40 - CSURUS1 - Run updater '/bitrix/updates/update_m1304670520/main/updater10.0.4.php'
2011-05-06 12:28:40 - CRUPDCF1 - Run updater '/bitrix/updates/update_m1304670520/main/updater10.0.4.php': CopyFiles(install/components, components)
2011-05-06 12:28:40 - CRUPDCF1 - Run updater '/bitrix/updates/update_m1304670520/main/updater10.0.4.php': CopyFiles(install/gadgets, gadgets)
2011-05-06 12:28:40 - CRUPDCF1 - Run updater '/bitrix/updates/update_m1304670520/main/updater10.0.4.php': CopyFiles(install/js, js)
2011-05-06 12:28:40 -  - TIME UpdateStepModules 0.152 sec
2011-05-06 12:28:40 - UPD_SUCCESS - Updated: main (10.0.4)<br><li>Улучшен шаблон tree компонента меню (теперь ветка не схлопывается при активном пункте вложенного меню). <li>В функции масштабирования изображений добавлен фильтр резкости (по умолчанию включен). <li>В компоненте system.auth.form добавлен параметр \"Страница забытого пароля\". 
2011-05-06 12:28:40 -  - exec CUpdateClient::LoadModulesUpdates
2011-05-06 12:28:40 -  - exec CUpdateClient::CollectRequestData
2011-05-06 12:28:40 -  - LICENSE_KEY=X&lang=ru&SUPD_VER=9.5.6&VERSION=10.0.4&TYPENC=E&SUPD_STS=1&SUPD_URS=0&SUPD_URSA=1&SUPD_DBS=MYSQL&XE=N&CLIENT_SITE=rezalmaz.ru&CANGZIP=Y&CLIENT_PHPVER=5.2.6-1%2Blenny10&stable=Y&bitm_main=10.0.4&bitm_perfmon=10.0.0&bitm_socialservices=10.0.1&bitm_compression=10.0.0&bitm_fileman=10.0.0&bitm_search=10.0.0&bitm_sitecorporate=10.0.0&bitm_seo=10.0.0&bitm_iblock=10.0.1&bitl_en=20070905&bitl_ru=&bith_ru=&bith_en=
2011-05-06 12:28:40 -  - exec CUpdateClient::GetHTTPPage
2011-05-06 12:28:40 -  - TIME LoadModulesUpdates(request) 0.3 sec
2011-05-06 12:28:40 -  - exec CUpdateClient::ParseServerData
2011-05-06 12:28:40 - LMU01 - LoadModulesUpdates-Step
2011-05-06 12:28:41 -  - exec CUpdateClient::LoadModulesUpdates
2011-05-06 12:28:41 -  - exec CUpdateClient::CollectRequestData
2011-05-06 12:28:41 -  - exec CUpdateClient::ParseServerData
2011-05-06 12:28:42 - DOWNLOAD - Time - 0.768010139465 sec
2011-05-06 12:28:42 -  - exec CUpdateClient::UnGzipArchive
2011-05-06 12:28:42 -  - TIME UnGzipArchive 0.024 sec
2011-05-06 12:28:42 - CSURUS1 - Run updater '/bitrix/updates/update_m1304670522/fileman/updater10.0.1.php'
2011-05-06 12:28:42 - CRUPDCF1 - Run updater '/bitrix/updates/update_m1304670522/fileman/updater10.0.1.php': CopyFiles(install/components, components)
2011-05-06 12:28:42 - CRUPDCF1 - Run updater '/bitrix/updates/update_m1304670522/fileman/updater10.0.1.php': CopyFiles(install/js, js)
2011-05-06 12:28:42 - CRUPDCDF2 - Run updater '/bitrix/updates/update_m1304670522/fileman/updater10.0.1.php': Query(Array, )
2011-05-06 12:28:42 -  - TIME UpdateStepModules 0.124 sec
2011-05-06 12:28:42 - UPD_SUCCESS - Updated: fileman (10.0.1)<br><li>Добавлена привязка стикеров к сайту. Внимание! Все имеющиеся на данный момент стикеры будут привязанны к сайту по умолчанию. <li>Исправления ошибок и доработки функционала Веб-стикеров. <li>Исправления ошибок упрощенного визуального редактора.
2011-05-06 12:28:42 -  - exec CUpdateClient::LoadModulesUpdates
2011-05-06 12:28:42 -  - exec CUpdateClient::CollectRequestData
2011-05-06 12:28:42 -  - LICENSE_KEY=X&lang=ru&SUPD_VER=9.5.6&VERSION=10.0.4&TYPENC=E&SUPD_STS=1&SUPD_URS=0&SUPD_URSA=1&SUPD_DBS=MYSQL&XE=N&CLIENT_SITE=rezalmaz.ru&CANGZIP=Y&CLIENT_PHPVER=5.2.6-1%2Blenny10&stable=Y&bitm_main=10.0.4&bitm_perfmon=10.0.0&bitm_socialservices=10.0.1&bitm_compression=10.0.0&bitm_fileman=10.0.1&bitm_search=10.0.0&bitm_sitecorporate=10.0.0&bitm_seo=10.0.0&bitm_iblock=10.0.1&bitl_en=20070905&bitl_ru=&bith_ru=&bith_en=
2011-05-06 12:28:42 -  - exec CUpdateClient::GetHTTPPage
2011-05-06 12:28:42 -  - TIME LoadModulesUpdates(request) 0.236 sec
2011-05-06 12:28:42 -  - exec CUpdateClient::ParseServerData
2011-05-06 12:28:42 - LMU01 - LoadModulesUpdates-Step
2011-05-06 12:28:42 -  - exec CUpdateClient::LoadModulesUpdates
2011-05-06 12:28:42 -  - exec CUpdateClient::CollectRequestData
2011-05-06 12:28:42 -  - exec CUpdateClient::ParseServerData
2011-05-06 12:28:43 - DOWNLOAD - Time - 0.580008029938 sec
2011-05-06 12:28:43 -  - exec CUpdateClient::UnGzipArchive
2011-05-06 12:28:43 -  - TIME UnGzipArchive 0.008 sec
2011-05-06 12:28:43 - CSURUS1 - Run updater '/bitrix/updates/update_m1304670523/fileman/updater10.0.2.php'
2011-05-06 12:28:43 - CRUPDCF1 - Run updater '/bitrix/updates/update_m1304670523/fileman/updater10.0.2.php': CopyFiles(install/js, js)
2011-05-06 12:28:43 - CRUPDCF1 - Run updater '/bitrix/updates/update_m1304670523/fileman/updater10.0.2.php': CopyFiles(install/themes, themes)
2011-05-06 12:28:43 -  - TIME UpdateStepModules 0.048 sec
2011-05-06 12:28:43 - UPD_SUCCESS - Updated: fileman (10.0.2)<br><li>В диалоги копирования/переноса и поиска по файлам/папкам добавлена возможность выбора сайта.
2011-05-06 12:28:43 -  - exec CUpdateClient::LoadModulesUpdates
2011-05-06 12:28:43 -  - exec CUpdateClient::CollectRequestData
2011-05-06 12:28:43 -  - LICENSE_KEY=X&lang=ru&SUPD_VER=9.5.6&VERSION=10.0.4&TYPENC=E&SUPD_STS=1&SUPD_URS=0&SUPD_URSA=1&SUPD_DBS=MYSQL&XE=N&CLIENT_SITE=rezalmaz.ru&CANGZIP=Y&CLIENT_PHPVER=5.2.6-1%2Blenny10&stable=Y&bitm_main=10.0.4&bitm_perfmon=10.0.0&bitm_socialservices=10.0.1&bitm_compression=10.0.0&bitm_fileman=10.0.2&bitm_search=10.0.0&bitm_sitecorporate=10.0.0&bitm_seo=10.0.0&bitm_iblock=10.0.1&bitl_en=20070905&bitl_ru=&bith_ru=&bith_en=
2011-05-06 12:28:43 -  - exec CUpdateClient::GetHTTPPage
2011-05-06 12:28:44 -  - TIME LoadModulesUpdates(request) 0.216 sec
2011-05-06 12:28:44 -  - exec CUpdateClient::ParseServerData
2011-05-06 12:28:44 - LMU01 - LoadModulesUpdates-Step
2011-05-06 12:28:44 -  - exec CUpdateClient::LoadModulesUpdates
2011-05-06 12:28:44 -  - exec CUpdateClient::CollectRequestData
2011-05-06 12:28:44 -  - exec CUpdateClient::ParseServerData
2011-05-06 12:28:44 - DOWNLOAD - Time - 0.31200504303 sec
2011-05-06 12:28:44 -  - exec CUpdateClient::UnGzipArchive
2011-05-06 12:28:44 -  - TIME UnGzipArchive 0.008 sec
2011-05-06 12:28:44 - CSURUS1 - Run updater '/bitrix/updates/update_m1304670524/fileman/updater10.0.3.php'
2011-05-06 12:28:44 - CRUPDCF1 - Run updater '/bitrix/updates/update_m1304670524/fileman/updater10.0.3.php': CopyFiles(install/js, js)
2011-05-06 12:28:44 -  - TIME UpdateStepModules 0.04 sec
2011-05-06 12:28:44 - UPD_SUCCESS - Updated: fileman (10.0.3)<br><li>В диалогах копирования/переноса и поиска по файлам/папкам исправлена ошибка, возникающая при наличии только одного сайта. 
2011-05-06 12:28:44 -  - exec CUpdateClient::LoadModulesUpdates
2011-05-06 12:28:44 -  - exec CUpdateClient::CollectRequestData
2011-05-06 12:28:44 -  - LICENSE_KEY=X&lang=ru&SUPD_VER=9.5.6&VERSION=10.0.4&TYPENC=E&SUPD_STS=1&SUPD_URS=0&SUPD_URSA=1&SUPD_DBS=MYSQL&XE=N&CLIENT_SITE=rezalmaz.ru&CANGZIP=Y&CLIENT_PHPVER=5.2.6-1%2Blenny10&stable=Y&bitm_main=10.0.4&bitm_perfmon=10.0.0&bitm_socialservices=10.0.1&bitm_compression=10.0.0&bitm_fileman=10.0.3&bitm_search=10.0.0&bitm_sitecorporate=10.0.0&bitm_seo=10.0.0&bitm_iblock=10.0.1&bitl_en=20070905&bitl_ru=&bith_ru=&bith_en=
2011-05-06 12:28:44 -  - exec CUpdateClient::GetHTTPPage
2011-05-06 12:28:45 -  - TIME LoadModulesUpdates(request) 0.164 sec
2011-05-06 12:28:45 -  - exec CUpdateClient::ParseServerData
2011-05-06 12:28:45 - LMU01 - LoadModulesUpdates-Step
2011-05-06 12:28:45 -  - exec CUpdateClient::LoadModulesUpdates
2011-05-06 12:28:45 -  - exec CUpdateClient::CollectRequestData
2011-05-06 12:28:45 -  - exec CUpdateClient::ParseServerData
2011-05-06 12:28:45 - DOWNLOAD - Time - 0.384005069733 sec
2011-05-06 12:28:45 -  - exec CUpdateClient::UnGzipArchive
2011-05-06 12:28:45 -  - TIME UnGzipArchive 0.004 sec
2011-05-06 12:28:45 - CSURUS1 - Run updater '/bitrix/updates/update_m1304670525/fileman/updater10.0.4.php'
2011-05-06 12:28:45 - CRUPDCF1 - Run updater '/bitrix/updates/update_m1304670525/fileman/updater10.0.4.php': CopyFiles(install/admin, admin)
2011-05-06 12:28:45 - CRUPDCF1 - Run updater '/bitrix/updates/update_m1304670525/fileman/updater10.0.4.php': CopyFiles(install/js, js)
2011-05-06 12:28:45 -  - TIME UpdateStepModules 0.02 sec
2011-05-06 12:28:45 - UPD_SUCCESS - Updated: fileman (10.0.4)<br><li>Исправление интерфейсных ошибок визуального редактора. 
2011-05-06 12:28:46 -  - exec CUpdateClient::LoadModulesUpdates
2011-05-06 12:28:46 -  - exec CUpdateClient::CollectRequestData
2011-05-06 12:28:46 -  - LICENSE_KEY=X&lang=ru&SUPD_VER=9.5.6&VERSION=10.0.4&TYPENC=E&SUPD_STS=1&SUPD_URS=0&SUPD_URSA=1&SUPD_DBS=MYSQL&XE=N&CLIENT_SITE=rezalmaz.ru&CANGZIP=Y&CLIENT_PHPVER=5.2.6-1%2Blenny10&stable=Y&bitm_main=10.0.4&bitm_perfmon=10.0.0&bitm_socialservices=10.0.1&bitm_compression=10.0.0&bitm_fileman=10.0.4&bitm_search=10.0.0&bitm_sitecorporate=10.0.0&bitm_seo=10.0.0&bitm_iblock=10.0.1&bitl_en=20070905&bitl_ru=&bith_ru=&bith_en=
2011-05-06 12:28:46 -  - exec CUpdateClient::GetHTTPPage
2011-05-06 12:28:46 -  - TIME LoadModulesUpdates(request) 0.208 sec
2011-05-06 12:28:46 -  - exec CUpdateClient::ParseServerData
2011-05-06 12:28:46 - LMU01 - LoadModulesUpdates-Step
2011-05-06 12:28:46 -  - exec CUpdateClient::LoadModulesUpdates
2011-05-06 12:28:46 -  - exec CUpdateClient::CollectRequestData
2011-05-06 12:28:46 -  - exec CUpdateClient::ParseServerData
2011-05-06 12:28:47 - DOWNLOAD - Time - 0.632009029388 sec
2011-05-06 12:28:47 -  - exec CUpdateClient::UnGzipArchive
2011-05-06 12:28:47 -  - TIME UnGzipArchive 0.14 sec
2011-05-06 12:28:47 - CSURUS1 - Run updater '/bitrix/updates/update_m1304670527/iblock/updater10.0.2.php'
2011-05-06 12:28:47 - CRUPDCF1 - Run updater '/bitrix/updates/update_m1304670527/iblock/updater10.0.2.php': CopyFiles(install/components, components)
2011-05-06 12:28:47 - CRUPDCDF2 - Run updater '/bitrix/updates/update_m1304670527/iblock/updater10.0.2.php': Query(Array, )
2011-05-06 12:28:48 - CRUPDCDF2 - Run updater '/bitrix/updates/update_m1304670527/iblock/updater10.0.2.php': Query(Array, )
2011-05-06 12:28:49 -  - TIME UpdateStepModules 1.564 sec
2011-05-06 12:28:49 - UPD_SUCCESS - Updated: iblock (10.0.2)<br><li>Добавлена поддержка SKU в компоненты catalog.*. <li>Исправлен ряд незначительных ошибок. <li>Разработчикам: новая функция CIBlockElement::SubQuery позволяет использовать подзапросы. <li>Разработчикам: фильтры по числовым значениям переделаны с OR на IN. <li>Разработчикам: метод CIBlockElement::GetElementGroups теперь возвращает CIBlockResult со всеми полями для формирования url. 
2011-05-06 12:28:49 -  - exec CUpdateClient::LoadModulesUpdates
2011-05-06 12:28:49 -  - exec CUpdateClient::CollectRequestData
2011-05-06 12:28:49 -  - LICENSE_KEY=X&lang=ru&SUPD_VER=9.5.6&VERSION=10.0.4&TYPENC=E&SUPD_STS=1&SUPD_URS=0&SUPD_URSA=1&SUPD_DBS=MYSQL&XE=N&CLIENT_SITE=rezalmaz.ru&CANGZIP=Y&CLIENT_PHPVER=5.2.6-1%2Blenny10&stable=Y&bitm_main=10.0.4&bitm_perfmon=10.0.0&bitm_socialservices=10.0.1&bitm_compression=10.0.0&bitm_fileman=10.0.4&bitm_search=10.0.0&bitm_sitecorporate=10.0.0&bitm_seo=10.0.0&bitm_iblock=10.0.2&bitl_en=20070905&bitl_ru=&bith_ru=&bith_en=
2011-05-06 12:28:49 -  - exec CUpdateClient::GetHTTPPage
2011-05-06 12:28:49 -  - TIME LoadModulesUpdates(request) 0.164 sec
2011-05-06 12:28:49 -  - exec CUpdateClient::ParseServerData
2011-05-06 12:28:49 - LMU01 - LoadModulesUpdates-Step
2011-05-06 12:28:49 -  - exec CUpdateClient::LoadModulesUpdates
2011-05-06 12:28:49 -  - exec CUpdateClient::CollectRequestData
2011-05-06 12:28:49 -  - exec CUpdateClient::ParseServerData
2011-05-06 12:28:50 - DOWNLOAD - Time - 0.284003973007 sec
2011-05-06 12:28:50 -  - exec CUpdateClient::UnGzipArchive
2011-05-06 12:28:50 -  - TIME UnGzipArchive 0.008 sec
2011-05-06 12:28:50 - CSURUS1 - Run updater '/bitrix/updates/update_m1304670530/search/updater10.0.1.php'
2011-05-06 12:28:50 -  - TIME UpdateStepModules 0.044 sec
2011-05-06 12:28:50 - UPD_SUCCESS - Updated: search (10.0.1)<br><li>Исправления незначительных ошибок.
2011-05-06 12:28:50 -  - exec CUpdateClient::LoadModulesUpdates
2011-05-06 12:28:50 -  - exec CUpdateClient::CollectRequestData
2011-05-06 12:28:50 -  - LICENSE_KEY=X&lang=ru&SUPD_VER=9.5.6&VERSION=10.0.4&TYPENC=E&SUPD_STS=1&SUPD_URS=0&SUPD_URSA=1&SUPD_DBS=MYSQL&XE=N&CLIENT_SITE=rezalmaz.ru&CANGZIP=Y&CLIENT_PHPVER=5.2.6-1%2Blenny10&stable=Y&bitm_main=10.0.4&bitm_perfmon=10.0.0&bitm_socialservices=10.0.1&bitm_compression=10.0.0&bitm_fileman=10.0.4&bitm_search=10.0.1&bitm_sitecorporate=10.0.0&bitm_seo=10.0.0&bitm_iblock=10.0.2&bitl_en=20070905&bitl_ru=&bith_ru=&bith_en=
2011-05-06 12:28:50 -  - exec CUpdateClient::GetHTTPPage
2011-05-06 12:28:50 -  - TIME LoadModulesUpdates(request) 0.192 sec
2011-05-06 12:28:50 -  - exec CUpdateClient::ParseServerData
2011-05-06 12:28:50 - LMU01 - LoadModulesUpdates-Step
2011-05-06 12:28:50 -  - exec CUpdateClient::LoadModulesUpdates
2011-05-06 12:28:50 -  - exec CUpdateClient::CollectRequestData
2011-05-06 12:28:50 -  - exec CUpdateClient::ParseServerData
2011-05-06 12:28:51 - DOWNLOAD - Time - 0.448005914688 sec
2011-05-06 12:28:51 -  - exec CUpdateClient::UnGzipArchive
2011-05-06 12:28:51 -  - TIME UnGzipArchive 0.036 sec
2011-05-06 12:28:51 - CSURUS1 - Run updater '/bitrix/updates/update_m1304670531/search/updater10.0.2.php'
2011-05-06 12:28:51 - CRUPDCF1 - Run updater '/bitrix/updates/update_m1304670531/search/updater10.0.2.php': CopyFiles(install/components, components)
2011-05-06 12:28:51 -  - TIME UpdateStepModules 0.132 sec
2011-05-06 12:28:51 - UPD_SUCCESS - Updated: search (10.0.2)<br><li>Улучшен алгоритм автоопределения языка.
2011-05-06 12:28:51 -  - exec CUpdateClient::LoadModulesUpdates
2011-05-06 12:28:51 -  - exec CUpdateClient::CollectRequestData
2011-05-06 12:28:51 -  - LICENSE_KEY=X&lang=ru&SUPD_VER=9.5.6&VERSION=10.0.4&TYPENC=E&SUPD_STS=1&SUPD_URS=0&SUPD_URSA=1&SUPD_DBS=MYSQL&XE=N&CLIENT_SITE=rezalmaz.ru&CANGZIP=Y&CLIENT_PHPVER=5.2.6-1%2Blenny10&stable=Y&bitm_main=10.0.4&bitm_perfmon=10.0.0&bitm_socialservices=10.0.1&bitm_compression=10.0.0&bitm_fileman=10.0.4&bitm_search=10.0.2&bitm_sitecorporate=10.0.0&bitm_seo=10.0.0&bitm_iblock=10.0.2&bitl_en=20070905&bitl_ru=&bith_ru=&bith_en=
2011-05-06 12:28:51 -  - exec CUpdateClient::GetHTTPPage
2011-05-06 12:28:51 -  - TIME LoadModulesUpdates(request) 0.184 sec
2011-05-06 12:28:51 -  - exec CUpdateClient::ParseServerData
2011-05-06 12:28:51 - LMU01 - LoadModulesUpdates-Step
2011-05-06 12:28:52 -  - exec CUpdateClient::LoadModulesUpdates
2011-05-06 12:28:52 -  - exec CUpdateClient::CollectRequestData
2011-05-06 12:28:52 -  - exec CUpdateClient::ParseServerData
2011-05-06 12:28:52 - DOWNLOAD - Time - 0.304003953934 sec
2011-05-06 12:28:52 -  - exec CUpdateClient::UnGzipArchive
2011-05-06 12:28:52 -  - TIME UnGzipArchive 0.012 sec
2011-05-06 12:28:52 -  - TIME UpdateStepModules 0.172 sec
2011-05-06 12:28:52 - UPD_SUCCESS - Updated: perfmon (10.0.1)<br><li>Небольшая доработка теста производительности многопоточных и веб-кластерных систем. <li>Исправлена ошибка преобразования типа таблиц для версий MySQL больше 5.5.9. 
2011-05-06 12:28:52 -  - exec CUpdateClient::LoadModulesUpdates
2011-05-06 12:28:52 -  - exec CUpdateClient::CollectRequestData
2011-05-06 12:28:52 -  - LICENSE_KEY=X&lang=ru&SUPD_VER=9.5.6&VERSION=10.0.4&TYPENC=E&SUPD_STS=1&SUPD_URS=0&SUPD_URSA=1&SUPD_DBS=MYSQL&XE=N&CLIENT_SITE=rezalmaz.ru&CANGZIP=Y&CLIENT_PHPVER=5.2.6-1%2Blenny10&stable=Y&bitm_main=10.0.4&bitm_perfmon=10.0.1&bitm_socialservices=10.0.1&bitm_compression=10.0.0&bitm_fileman=10.0.4&bitm_search=10.0.2&bitm_sitecorporate=10.0.0&bitm_seo=10.0.0&bitm_iblock=10.0.2&bitl_en=20070905&bitl_ru=&bith_ru=&bith_en=
2011-05-06 12:28:52 -  - exec CUpdateClient::GetHTTPPage
2011-05-06 12:28:53 -  - TIME LoadModulesUpdates(request) 0.184 sec
2011-05-06 12:28:53 -  - exec CUpdateClient::ParseServerData
2011-05-06 12:28:53 - LMU01 - LoadModulesUpdates-Step
2011-05-06 12:28:53 -  - exec CUpdateClient::LoadModulesUpdates
2011-05-06 12:28:53 -  - exec CUpdateClient::CollectRequestData
2011-05-06 12:28:53 -  - exec CUpdateClient::ParseServerData
2011-05-06 12:28:53 - DOWNLOAD - Time - 0.304004192352 sec
2011-05-06 12:28:53 -  - exec CUpdateClient::UnGzipArchive
2011-05-06 12:28:53 -  - TIME UnGzipArchive 0.02 sec
2011-05-06 12:28:53 - CSURUS1 - Run updater '/bitrix/updates/update_m1304670533/socialservices/updater10.0.2.php'
2011-05-06 12:28:53 - CRUPDCF1 - Run updater '/bitrix/updates/update_m1304670533/socialservices/updater10.0.2.php': CopyFiles(install/tools, tools)
2011-05-06 12:28:53 -  - TIME UpdateStepModules 0.048 sec
2011-05-06 12:28:53 - UPD_SUCCESS - Updated: socialservices (10.0.2)<br><li>В настройках модуля добавлена зависимость настроек от сайта. <li>Добавлена возможность авторизации через Google OAuth 2.0. 
2011-05-06 12:28:54 -  - exec CUpdateClient::LoadModulesUpdates
2011-05-06 12:28:54 -  - exec CUpdateClient::CollectRequestData
2011-05-06 12:28:54 -  - LICENSE_KEY=X&lang=ru&SUPD_VER=9.5.6&VERSION=10.0.4&TYPENC=E&SUPD_STS=1&SUPD_URS=0&SUPD_URSA=1&SUPD_DBS=MYSQL&XE=N&CLIENT_SITE=rezalmaz.ru&CANGZIP=Y&CLIENT_PHPVER=5.2.6-1%2Blenny10&stable=Y&bitm_main=10.0.4&bitm_perfmon=10.0.1&bitm_socialservices=10.0.2&bitm_compression=10.0.0&bitm_fileman=10.0.4&bitm_search=10.0.2&bitm_sitecorporate=10.0.0&bitm_seo=10.0.0&bitm_iblock=10.0.2&bitl_en=20070905&bitl_ru=&bith_ru=&bith_en=
2011-05-06 12:28:54 -  - exec CUpdateClient::GetHTTPPage
2011-05-06 12:28:54 -  - TIME LoadModulesUpdates(request) 0.168 sec
2011-05-06 12:28:54 -  - exec CUpdateClient::ParseServerData
2011-05-06 12:28:54 - STEP - Finish - NOUPDATES
2011-05-06 12:28:54 - STEP - Finish - NOUPDATES
2011-05-06 12:28:59 -  - exec CUpdateClient::GetUpdatesList
2011-05-06 12:28:59 -  - exec CUpdateClient::CollectRequestData
2011-05-06 12:28:59 -  - LICENSE_KEY=X&lang=ru&SUPD_VER=9.5.6&VERSION=10.0.4&TYPENC=E&SUPD_STS=1&SUPD_URS=0&SUPD_URSA=1&SUPD_DBS=MYSQL&XE=N&CLIENT_SITE=rezalmaz.ru&CANGZIP=Y&CLIENT_PHPVER=5.2.6-1%2Blenny10&stable=Y&bitm_main=10.0.4&bitm_perfmon=10.0.1&bitm_socialservices=10.0.2&bitm_compression=10.0.0&bitm_fileman=10.0.4&bitm_search=10.0.2&bitm_sitecorporate=10.0.0&bitm_seo=10.0.0&bitm_iblock=10.0.2&bitl_en=20070905&bitl_ru=&bith_ru=&bith_en=
2011-05-06 12:28:59 -  - exec CUpdateClient::GetHTTPPage
2011-05-06 12:28:59 -  - TIME GetUpdatesList(request) 0.192 sec
2011-05-06 12:28:59 -  - exec CUpdateClient::ParseServerData
2011-05-06 12:29:02 -  - exec CUpdateClient::GetPHPSources
2011-05-06 12:29:02 -  - exec CUpdateClient::CollectRequestData
2011-05-06 12:29:02 -  - LICENSE_KEY=X&lang=ru&SUPD_VER=9.5.6&VERSION=10.0.4&TYPENC=E&SUPD_STS=1&SUPD_URS=0&SUPD_URSA=1&SUPD_DBS=MYSQL&XE=N&CLIENT_SITE=rezalmaz.ru&CANGZIP=Y&CLIENT_PHPVER=5.2.6-1%2Blenny10&stable=Y&bitm_main=10.0.4&bitm_perfmon=10.0.1&bitm_socialservices=10.0.2&bitm_compression=10.0.0&bitm_fileman=10.0.4&bitm_search=10.0.2&bitm_sitecorporate=10.0.0&bitm_seo=10.0.0&bitm_iblock=10.0.2&bitl_en=20070905&bitl_ru=&bith_ru=&bith_en=&requested_modules=main%2Cperfmon%2Csocialservices%2Ccompression%2Cfileman%2Csearch%2Csitecorporate%2Cseo%2Ciblock
2011-05-06 12:29:02 -  - exec CUpdateClient::GetHTTPPage
2011-05-06 12:29:02 -  - TIME GetPHPSources(request) 0.632 sec
2011-05-06 12:29:02 -  - exec CUpdateClient::UnGzipArchive
2011-05-06 12:29:02 -  - TIME UnGzipArchive 0 sec
2011-05-06 12:29:02 -  - exec CUpdateClient::GetStepUpdateInfo
2011-05-06 12:29:02 -  - exec CUpdateClient::ParseServerData
2011-05-06 12:29:02 -  - TIME UpdateStepModules 0.004 sec
2011-05-06 12:29:02 - UPD_SUCCESS - Sources loaded: perfmon
2011-05-06 12:29:03 -  - exec CUpdateClient::GetPHPSources
2011-05-06 12:29:03 -  - exec CUpdateClient::CollectRequestData
2011-05-06 12:29:03 -  - LICENSE_KEY=X&lang=ru&SUPD_VER=9.5.6&VERSION=10.0.4&TYPENC=E&SUPD_STS=1&SUPD_URS=0&SUPD_URSA=1&SUPD_DBS=MYSQL&XE=N&CLIENT_SITE=rezalmaz.ru&CANGZIP=Y&CLIENT_PHPVER=5.2.6-1%2Blenny10&stable=Y&bitm_main=10.0.4&bitm_perfmon=10.0.1&bitm_socialservices=10.0.2&bitm_compression=10.0.0&bitm_fileman=10.0.4&bitm_search=10.0.2&bitm_sitecorporate=10.0.0&bitm_seo=10.0.0&bitm_iblock=10.0.2&bitl_en=20070905&bitl_ru=&bith_ru=&bith_en=&requested_modules=main%2Csocialservices%2Ccompression%2Cfileman%2Csearch%2Csitecorporate%2Cseo%2Ciblock
2011-05-06 12:29:03 -  - exec CUpdateClient::GetHTTPPage
2011-05-06 12:29:03 -  - TIME GetPHPSources(request) 0.324 sec
2011-05-06 12:29:03 -  - exec CUpdateClient::UnGzipArchive
2011-05-06 12:29:03 -  - TIME UnGzipArchive 0 sec
2011-05-06 12:29:03 -  - exec CUpdateClient::GetStepUpdateInfo
2011-05-06 12:29:03 -  - exec CUpdateClient::ParseServerData
2011-05-06 12:29:03 -  - TIME UpdateStepModules 0.004 sec
2011-05-06 12:29:03 - UPD_SUCCESS - Sources loaded: socialservices
2011-05-06 12:29:03 -  - exec CUpdateClient::GetPHPSources
2011-05-06 12:29:03 -  - exec CUpdateClient::CollectRequestData
2011-05-06 12:29:03 -  - LICENSE_KEY=X&lang=ru&SUPD_VER=9.5.6&VERSION=10.0.4&TYPENC=E&SUPD_STS=1&SUPD_URS=0&SUPD_URSA=1&SUPD_DBS=MYSQL&XE=N&CLIENT_SITE=rezalmaz.ru&CANGZIP=Y&CLIENT_PHPVER=5.2.6-1%2Blenny10&stable=Y&bitm_main=10.0.4&bitm_perfmon=10.0.1&bitm_socialservices=10.0.2&bitm_compression=10.0.0&bitm_fileman=10.0.4&bitm_search=10.0.2&bitm_sitecorporate=10.0.0&bitm_seo=10.0.0&bitm_iblock=10.0.2&bitl_en=20070905&bitl_ru=&bith_ru=&bith_en=&requested_modules=main%2Ccompression%2Cfileman%2Csearch%2Csitecorporate%2Cseo%2Ciblock
2011-05-06 12:29:03 -  - exec CUpdateClient::GetHTTPPage
2011-05-06 12:29:04 -  - TIME GetPHPSources(request) 0.788 sec
2011-05-06 12:29:04 -  - exec CUpdateClient::UnGzipArchive
2011-05-06 12:29:04 -  - TIME UnGzipArchive 0 sec
2011-05-06 12:29:04 -  - exec CUpdateClient::GetStepUpdateInfo
2011-05-06 12:29:04 -  - exec CUpdateClient::ParseServerData
2011-05-06 12:29:04 -  - TIME UpdateStepModules 0.004 sec
2011-05-06 12:29:04 - UPD_SUCCESS - Sources loaded: compression
2011-05-06 12:29:04 -  - exec CUpdateClient::GetPHPSources
2011-05-06 12:29:04 -  - exec CUpdateClient::CollectRequestData
2011-05-06 12:29:04 -  - LICENSE_KEY=X&lang=ru&SUPD_VER=9.5.6&VERSION=10.0.4&TYPENC=E&SUPD_STS=1&SUPD_URS=0&SUPD_URSA=1&SUPD_DBS=MYSQL&XE=N&CLIENT_SITE=rezalmaz.ru&CANGZIP=Y&CLIENT_PHPVER=5.2.6-1%2Blenny10&stable=Y&bitm_main=10.0.4&bitm_perfmon=10.0.1&bitm_socialservices=10.0.2&bitm_compression=10.0.0&bitm_fileman=10.0.4&bitm_search=10.0.2&bitm_sitecorporate=10.0.0&bitm_seo=10.0.0&bitm_iblock=10.0.2&bitl_en=20070905&bitl_ru=&bith_ru=&bith_en=&requested_modules=main%2Cfileman%2Csearch%2Csitecorporate%2Cseo%2Ciblock
2011-05-06 12:29:04 -  - exec CUpdateClient::GetHTTPPage
2011-05-06 12:29:07 -  - TIME GetPHPSources(request) 2.448 sec
2011-05-06 12:29:07 -  - exec CUpdateClient::UnGzipArchive
2011-05-06 12:29:07 -  - TIME UnGzipArchive 0 sec
2011-05-06 12:29:07 -  - exec CUpdateClient::GetStepUpdateInfo
2011-05-06 12:29:07 -  - exec CUpdateClient::ParseServerData
2011-05-06 12:29:07 -  - TIME UpdateStepModules 0.004 sec
2011-05-06 12:29:07 - UPD_SUCCESS - Sources loaded: fileman
2011-05-06 12:29:07 -  - exec CUpdateClient::GetPHPSources
2011-05-06 12:29:07 -  - exec CUpdateClient::CollectRequestData
2011-05-06 12:29:07 -  - LICENSE_KEY=X&lang=ru&SUPD_VER=9.5.6&VERSION=10.0.4&TYPENC=E&SUPD_STS=1&SUPD_URS=0&SUPD_URSA=1&SUPD_DBS=MYSQL&XE=N&CLIENT_SITE=rezalmaz.ru&CANGZIP=Y&CLIENT_PHPVER=5.2.6-1%2Blenny10&stable=Y&bitm_main=10.0.4&bitm_perfmon=10.0.1&bitm_socialservices=10.0.2&bitm_compression=10.0.0&bitm_fileman=10.0.4&bitm_search=10.0.2&bitm_sitecorporate=10.0.0&bitm_seo=10.0.0&bitm_iblock=10.0.2&bitl_en=20070905&bitl_ru=&bith_ru=&bith_en=&requested_modules=main%2Csearch%2Csitecorporate%2Cseo%2Ciblock
2011-05-06 12:29:07 -  - exec CUpdateClient::GetHTTPPage
2011-05-06 12:29:09 -  - TIME GetPHPSources(request) 2.36 sec
2011-05-06 12:29:09 -  - exec CUpdateClient::UnGzipArchive
2011-05-06 12:29:09 -  - TIME UnGzipArchive 0 sec
2011-05-06 12:29:09 -  - exec CUpdateClient::GetStepUpdateInfo
2011-05-06 12:29:09 -  - exec CUpdateClient::ParseServerData
2011-05-06 12:29:09 -  - TIME UpdateStepModules 0.052 sec
2011-05-06 12:29:09 - UPD_SUCCESS - Sources loaded: search
2011-05-06 12:29:10 -  - exec CUpdateClient::GetPHPSources
2011-05-06 12:29:10 -  - exec CUpdateClient::CollectRequestData
2011-05-06 12:29:10 -  - LICENSE_KEY=X&lang=ru&SUPD_VER=9.5.6&VERSION=10.0.4&TYPENC=E&SUPD_STS=1&SUPD_URS=0&SUPD_URSA=1&SUPD_DBS=MYSQL&XE=N&CLIENT_SITE=rezalmaz.ru&CANGZIP=Y&CLIENT_PHPVER=5.2.6-1%2Blenny10&stable=Y&bitm_main=10.0.4&bitm_perfmon=10.0.1&bitm_socialservices=10.0.2&bitm_compression=10.0.0&bitm_fileman=10.0.4&bitm_search=10.0.2&bitm_sitecorporate=10.0.0&bitm_seo=10.0.0&bitm_iblock=10.0.2&bitl_en=20070905&bitl_ru=&bith_ru=&bith_en=&requested_modules=main%2Csitecorporate%2Cseo%2Ciblock
2011-05-06 12:29:10 -  - exec CUpdateClient::GetHTTPPage
2011-05-06 12:29:10 -  - TIME GetPHPSources(request) 0.176 sec
2011-05-06 12:29:10 -  - exec CUpdateClient::UnGzipArchive
2011-05-06 12:29:10 -  - TIME UnGzipArchive 0 sec
2011-05-06 12:29:10 -  - exec CUpdateClient::GetStepUpdateInfo
2011-05-06 12:29:10 -  - exec CUpdateClient::ParseServerData
2011-05-06 12:29:10 -  - TIME UpdateStepModules 0.004 sec
2011-05-06 12:29:10 - UPD_SUCCESS - Sources loaded: sitecorporate
2011-05-06 12:29:10 -  - exec CUpdateClient::GetPHPSources
2011-05-06 12:29:10 -  - exec CUpdateClient::CollectRequestData
2011-05-06 12:29:10 -  - LICENSE_KEY=X&lang=ru&SUPD_VER=9.5.6&VERSION=10.0.4&TYPENC=E&SUPD_STS=1&SUPD_URS=0&SUPD_URSA=1&SUPD_DBS=MYSQL&XE=N&CLIENT_SITE=rezalmaz.ru&CANGZIP=Y&CLIENT_PHPVER=5.2.6-1%2Blenny10&stable=Y&bitm_main=10.0.4&bitm_perfmon=10.0.1&bitm_socialservices=10.0.2&bitm_compression=10.0.0&bitm_fileman=10.0.4&bitm_search=10.0.2&bitm_sitecorporate=10.0.0&bitm_seo=10.0.0&bitm_iblock=10.0.2&bitl_en=20070905&bitl_ru=&bith_ru=&bith_en=&requested_modules=main%2Cseo%2Ciblock
2011-05-06 12:29:10 -  - exec CUpdateClient::GetHTTPPage
2011-05-06 12:29:11 -  - TIME GetPHPSources(request) 0.408 sec
2011-05-06 12:29:11 -  - exec CUpdateClient::UnGzipArchive
2011-05-06 12:29:11 -  - TIME UnGzipArchive 0 sec
2011-05-06 12:29:11 -  - exec CUpdateClient::GetStepUpdateInfo
2011-05-06 12:29:11 -  - exec CUpdateClient::ParseServerData
2011-05-06 12:29:11 -  - TIME UpdateStepModules 0.004 sec
2011-05-06 12:29:11 - UPD_SUCCESS - Sources loaded: seo
2011-05-06 12:29:11 -  - exec CUpdateClient::GetPHPSources
2011-05-06 12:29:11 -  - exec CUpdateClient::CollectRequestData
2011-05-06 12:29:11 -  - LICENSE_KEY=X&lang=ru&SUPD_VER=9.5.6&VERSION=10.0.4&TYPENC=E&SUPD_STS=1&SUPD_URS=0&SUPD_URSA=1&SUPD_DBS=MYSQL&XE=N&CLIENT_SITE=rezalmaz.ru&CANGZIP=Y&CLIENT_PHPVER=5.2.6-1%2Blenny10&stable=Y&bitm_main=10.0.4&bitm_perfmon=10.0.1&bitm_socialservices=10.0.2&bitm_compression=10.0.0&bitm_fileman=10.0.4&bitm_search=10.0.2&bitm_sitecorporate=10.0.0&bitm_seo=10.0.0&bitm_iblock=10.0.2&bitl_en=20070905&bitl_ru=&bith_ru=&bith_en=&requested_modules=main%2Ciblock
2011-05-06 12:29:11 -  - exec CUpdateClient::GetHTTPPage
2011-05-06 12:29:16 -  - TIME GetPHPSources(request) 5.564 sec
2011-05-06 12:29:16 -  - exec CUpdateClient::UnGzipArchive
2011-05-06 12:29:16 -  - TIME UnGzipArchive 0 sec
2011-05-06 12:29:16 -  - exec CUpdateClient::GetStepUpdateInfo
2011-05-06 12:29:16 -  - exec CUpdateClient::ParseServerData
2011-05-06 12:29:16 -  - TIME UpdateStepModules 0.016 sec
2011-05-06 12:29:16 - UPD_SUCCESS - Sources loaded: iblock
2011-05-06 12:29:17 -  - exec CUpdateClient::GetPHPSources
2011-05-06 12:29:17 -  - exec CUpdateClient::CollectRequestData
2011-05-06 12:29:17 -  - LICENSE_KEY=X&lang=ru&SUPD_VER=9.5.6&VERSION=10.0.4&TYPENC=E&SUPD_STS=1&SUPD_URS=0&SUPD_URSA=1&SUPD_DBS=MYSQL&XE=N&CLIENT_SITE=rezalmaz.ru&CANGZIP=Y&CLIENT_PHPVER=5.2.6-1%2Blenny10&stable=Y&bitm_main=10.0.4&bitm_perfmon=10.0.1&bitm_socialservices=10.0.2&bitm_compression=10.0.0&bitm_fileman=10.0.4&bitm_search=10.0.2&bitm_sitecorporate=10.0.0&bitm_seo=10.0.0&bitm_iblock=10.0.2&bitl_en=20070905&bitl_ru=&bith_ru=&bith_en=&requested_modules=main
2011-05-06 12:29:17 -  - exec CUpdateClient::GetHTTPPage
2011-05-06 12:29:25 -  - TIME GetPHPSources(request) 8.236 sec
2011-05-06 12:29:25 -  - exec CUpdateClient::UnGzipArchive
2011-05-06 12:29:25 -  - TIME UnGzipArchive 0.004 sec
2011-05-06 12:29:25 -  - exec CUpdateClient::GetStepUpdateInfo
2011-05-06 12:29:25 -  - exec CUpdateClient::ParseServerData
2011-05-06 12:29:25 -  - TIME UpdateStepModules 0.02 sec
2011-05-06 12:29:25 - UPD_SUCCESS - Sources loaded: main
2011-05-25 13:13:06 -  - exec CUpdateClient::GetUpdatesList
2011-05-25 13:13:06 -  - exec CUpdateClient::CollectRequestData
2011-05-25 13:13:06 -  - LICENSE_KEY=X&lang=ru&SUPD_VER=9.5.6&VERSION=10.0.4&TYPENC=F&SUPD_STS=1&SUPD_URS=0&SUPD_URSA=1&SUPD_DBS=MYSQL&XE=N&CLIENT_SITE=www.rezalmaz.ru&CANGZIP=Y&CLIENT_PHPVER=5.2.6-1%2Blenny10&stable=Y&bitm_main=10.0.4&bitm_perfmon=10.0.1&bitm_socialservices=10.0.2&bitm_compression=10.0.0&bitm_fileman=10.0.4&bitm_search=10.0.2&bitm_sitecorporate=10.0.0&bitm_seo=10.0.0&bitm_iblock=10.0.2&bitl_en=20070905&bitl_ru=&bith_ru=&bith_en=
2011-05-25 13:13:06 -  - exec CUpdateClient::GetHTTPPage
2011-05-25 13:13:07 -  - TIME GetUpdatesList(request) 0.792 sec
2011-05-25 13:13:07 -  - exec CUpdateClient::ParseServerData
2011-06-14 14:21:04 -  - exec CUpdateClient::GetUpdatesList
2011-06-14 14:21:04 -  - exec CUpdateClient::CollectRequestData
2011-06-14 14:21:04 -  - LICENSE_KEY=X&lang=ru&SUPD_VER=9.5.6&VERSION=10.0.4&TYPENC=F&SUPD_STS=1&SUPD_URS=0&SUPD_URSA=1&SUPD_DBS=MYSQL&XE=N&CLIENT_SITE=www.rezalmaz.ru&CANGZIP=Y&CLIENT_PHPVER=5.2.6-1%2Blenny10&stable=Y&bitm_main=10.0.4&bitm_perfmon=10.0.1&bitm_socialservices=10.0.2&bitm_compression=10.0.0&bitm_fileman=10.0.4&bitm_search=10.0.2&bitm_sitecorporate=10.0.0&bitm_seo=10.0.0&bitm_iblock=10.0.2&bitl_en=20070905&bitl_ru=&bith_ru=&bith_en=
2011-06-14 14:21:04 -  - exec CUpdateClient::GetHTTPPage
2011-06-14 14:21:05 -  - TIME GetUpdatesList(request) 1.224 sec
2011-06-14 14:21:05 -  - exec CUpdateClient::ParseServerData
2011-06-14 14:21:12 -  - exec CUpdateClient::GetUpdatesList
2011-06-14 14:21:12 -  - exec CUpdateClient::CollectRequestData
2011-06-14 14:21:12 -  - LICENSE_KEY=X&lang=ru&SUPD_VER=9.5.6&VERSION=10.0.4&TYPENC=F&SUPD_STS=1&SUPD_URS=0&SUPD_URSA=1&SUPD_DBS=MYSQL&XE=N&CLIENT_SITE=www.rezalmaz.ru&CANGZIP=Y&CLIENT_PHPVER=5.2.6-1%2Blenny10&stable=Y&bitm_main=10.0.4&bitm_perfmon=10.0.1&bitm_socialservices=10.0.2&bitm_compression=10.0.0&bitm_fileman=10.0.4&bitm_search=10.0.2&bitm_sitecorporate=10.0.0&bitm_seo=10.0.0&bitm_iblock=10.0.2&bitl_en=20070905&bitl_ru=&bith_ru=&bith_en=
2011-06-14 14:21:12 -  - exec CUpdateClient::GetHTTPPage
2011-06-14 14:21:13 -  - TIME GetUpdatesList(request) 0.604 sec
2011-06-14 14:21:13 -  - exec CUpdateClient::ParseServerData
2011-06-14 14:21:17 -  - exec CUpdateClient::LoadModulesUpdates
2011-06-14 14:21:17 -  - exec CUpdateClient::CollectRequestData
2011-06-14 14:21:17 -  - LICENSE_KEY=X&lang=ru&SUPD_VER=9.5.6&VERSION=10.0.4&TYPENC=F&SUPD_STS=1&SUPD_URS=0&SUPD_URSA=1&SUPD_DBS=MYSQL&XE=N&CLIENT_SITE=www.rezalmaz.ru&CANGZIP=Y&CLIENT_PHPVER=5.2.6-1%2Blenny10&stable=Y&bitm_main=10.0.4&bitm_perfmon=10.0.1&bitm_socialservices=10.0.2&bitm_compression=10.0.0&bitm_fileman=10.0.4&bitm_search=10.0.2&bitm_sitecorporate=10.0.0&bitm_seo=10.0.0&bitm_iblock=10.0.2&bitl_en=20070905&bitl_ru=&bith_ru=&bith_en=
2011-06-14 14:21:17 -  - exec CUpdateClient::GetHTTPPage
2011-06-14 14:21:18 -  - TIME LoadModulesUpdates(request) 0.304 sec
2011-06-14 14:21:18 -  - exec CUpdateClient::ParseServerData
2011-06-14 14:21:18 - LMU01 - LoadModulesUpdates-Step
2011-06-14 14:21:18 -  - exec CUpdateClient::LoadModulesUpdates
2011-06-14 14:21:18 -  - exec CUpdateClient::CollectRequestData
2011-06-14 14:21:18 -  - exec CUpdateClient::ParseServerData
2011-06-14 14:21:18 - DOWNLOAD - Time - 0.608010053635 sec
2011-06-14 14:21:18 -  - exec CUpdateClient::UnGzipArchive
2011-06-14 14:21:19 -  - TIME UnGzipArchive 0.112 sec
2011-06-14 14:21:19 - CSURUS1 - Run updater '/bitrix/updates/update_m1308046878/main/updater10.0.5.php'
2011-06-14 14:21:19 - CRUPDCF1 - Run updater '/bitrix/updates/update_m1308046878/main/updater10.0.5.php': CopyFiles(install/components, components)
2011-06-14 14:21:19 - CRUPDCF1 - Run updater '/bitrix/updates/update_m1308046878/main/updater10.0.5.php': CopyFiles(install/js, js)
2011-06-14 14:21:19 -  - TIME UpdateStepModules 0.308 sec
2011-06-14 14:21:19 - UPD_SUCCESS - Updated: main (10.0.5)<br><li>Компонент рабочего стола (desktop) теперь учитывает права доступа модуля \"Техподдержка\" для гаджетов техподдержки. <li>Реализовано отложенное (на агенте) удаление сброшенных папок кеша. Позволяет распределить нагрузку при удалении больших объемов кеша. <li>В компонент авторизации (system.auth.authorize) добавлен параметр \"Страница регистрации\". Параметр указывается в настройках главного модуля. <li>Улучшено масштабирование изображений в формате gif. <li>Исправлены SQL-ошибки фильтрации множественных пользовательских свойств для MSSQL. <li>Исправлена ошибка кеширования CSS подчиненных компонентов. <li>Исправлен ряд замеченных ошибок. <li>Разработчикам: добавлена обработка константы BX_DISABLE_TEMPLATE_EDITOR, запрещающей визуальный редактор в форме редактирования шаблона сайта. <li>Разработчикам: расширен фильтр в методе CFile::GetList() (поля SUBDIR, FILE_NAME). <li>Разработчикам: добавлено событие OnFileDelete при удалении файла из таблицы b_file. 
2011-06-14 14:21:19 -  - exec CUpdateClient::LoadModulesUpdates
2011-06-14 14:21:19 -  - exec CUpdateClient::CollectRequestData
2011-06-14 14:21:19 -  - LICENSE_KEY=X&lang=ru&SUPD_VER=9.5.6&VERSION=10.0.5&TYPENC=F&SUPD_STS=1&SUPD_URS=0&SUPD_URSA=1&SUPD_DBS=MYSQL&XE=N&CLIENT_SITE=www.rezalmaz.ru&CANGZIP=Y&CLIENT_PHPVER=5.2.6-1%2Blenny10&stable=Y&bitm_main=10.0.5&bitm_perfmon=10.0.1&bitm_socialservices=10.0.2&bitm_compression=10.0.0&bitm_fileman=10.0.4&bitm_search=10.0.2&bitm_sitecorporate=10.0.0&bitm_seo=10.0.0&bitm_iblock=10.0.2&bitl_en=20070905&bitl_ru=&bith_ru=&bith_en=
2011-06-14 14:21:19 -  - exec CUpdateClient::GetHTTPPage
2011-06-14 14:21:20 -  - TIME LoadModulesUpdates(request) 0.204 sec
2011-06-14 14:21:20 -  - exec CUpdateClient::ParseServerData
2011-06-14 14:21:20 - LMU01 - LoadModulesUpdates-Step
2011-06-14 14:21:20 -  - exec CUpdateClient::LoadModulesUpdates
2011-06-14 14:21:20 -  - exec CUpdateClient::CollectRequestData
2011-06-14 14:21:20 -  - exec CUpdateClient::ParseServerData
2011-06-14 14:21:20 - DOWNLOAD - Time - 0.468008041382 sec
2011-06-14 14:21:20 -  - exec CUpdateClient::UnGzipArchive
2011-06-14 14:21:20 -  - TIME UnGzipArchive 0.044 sec
2011-06-14 14:21:20 - CSURUS1 - Run updater '/bitrix/updates/update_m1308046880/main/updater10.0.6.php'
2011-06-14 14:21:20 - CRUPDCF1 - Run updater '/bitrix/updates/update_m1308046880/main/updater10.0.6.php': CopyFiles(install/components, components)
2011-06-14 14:21:20 - CRUPDCF1 - Run updater '/bitrix/updates/update_m1308046880/main/updater10.0.6.php': CopyFiles(install/themes, themes)
2011-06-14 14:21:20 - CRUPDCDF2 - Run updater '/bitrix/updates/update_m1308046880/main/updater10.0.6.php': Query(CREATE INDEX ix_b_event_date_exec ON b_event(DATE_EXEC), )
2011-06-14 14:21:21 -  - TIME UpdateStepModules 0.784 sec
2011-06-14 14:21:21 - UPD_SUCCESS - Updated: main (10.0.6)<br><li>Незначительные улучшения интерфейса в панели управления. <li>Исправлена ошибка дублирования пунктов меню (компонент menu). <li>Разработчикам: добавлены поля фильтра и сортировка в CFile::GetList() (см. документацию). 
2011-06-14 14:21:21 -  - exec CUpdateClient::LoadModulesUpdates
2011-06-14 14:21:21 -  - exec CUpdateClient::CollectRequestData
2011-06-14 14:21:21 -  - LICENSE_KEY=X&lang=ru&SUPD_VER=9.5.6&VERSION=10.0.6&TYPENC=F&SUPD_STS=1&SUPD_URS=0&SUPD_URSA=1&SUPD_DBS=MYSQL&XE=N&CLIENT_SITE=www.rezalmaz.ru&CANGZIP=Y&CLIENT_PHPVER=5.2.6-1%2Blenny10&stable=Y&bitm_main=10.0.6&bitm_perfmon=10.0.1&bitm_socialservices=10.0.2&bitm_compression=10.0.0&bitm_fileman=10.0.4&bitm_search=10.0.2&bitm_sitecorporate=10.0.0&bitm_seo=10.0.0&bitm_iblock=10.0.2&bitl_en=20070905&bitl_ru=&bith_ru=&bith_en=
2011-06-14 14:21:21 -  - exec CUpdateClient::GetHTTPPage
2011-06-14 14:21:21 -  - TIME LoadModulesUpdates(request) 0.196 sec
2011-06-14 14:21:21 -  - exec CUpdateClient::ParseServerData
2011-06-14 14:21:21 - LMU01 - LoadModulesUpdates-Step
2011-06-14 14:21:22 -  - exec CUpdateClient::LoadModulesUpdates
2011-06-14 14:21:22 -  - exec CUpdateClient::CollectRequestData
2011-06-14 14:21:22 -  - exec CUpdateClient::ParseServerData
2011-06-14 14:21:22 - DOWNLOAD - Time - 0.576008081436 sec
2011-06-14 14:21:22 -  - exec CUpdateClient::UnGzipArchive
2011-06-14 14:21:22 -  - TIME UnGzipArchive 0.016 sec
2011-06-14 14:21:22 - CSURUS1 - Run updater '/bitrix/updates/update_m1308046882/main/updater10.0.7.php'
2011-06-14 14:21:22 - CRUPDCF1 - Run updater '/bitrix/updates/update_m1308046882/main/updater10.0.7.php': CopyFiles(install/components, components)
2011-06-14 14:21:22 - CRUPDCF1 - Run updater '/bitrix/updates/update_m1308046882/main/updater10.0.7.php': CopyFiles(install/js, js)
2011-06-14 14:21:22 -  - TIME UpdateStepModules 0.052 sec
2011-06-14 14:21:22 - UPD_SUCCESS - Updated: main (10.0.7)<br><li>Незначительные изменения и исправления. 
2011-06-14 14:21:23 -  - exec CUpdateClient::LoadModulesUpdates
2011-06-14 14:21:23 -  - exec CUpdateClient::CollectRequestData
2011-06-14 14:21:23 -  - LICENSE_KEY=X&lang=ru&SUPD_VER=9.5.6&VERSION=10.0.7&TYPENC=F&SUPD_STS=1&SUPD_URS=0&SUPD_URSA=1&SUPD_DBS=MYSQL&XE=N&CLIENT_SITE=www.rezalmaz.ru&CANGZIP=Y&CLIENT_PHPVER=5.2.6-1%2Blenny10&stable=Y&bitm_main=10.0.7&bitm_perfmon=10.0.1&bitm_socialservices=10.0.2&bitm_compression=10.0.0&bitm_fileman=10.0.4&bitm_search=10.0.2&bitm_sitecorporate=10.0.0&bitm_seo=10.0.0&bitm_iblock=10.0.2&bitl_en=20070905&bitl_ru=&bith_ru=&bith_en=
2011-06-14 14:21:23 -  - exec CUpdateClient::GetHTTPPage
2011-06-14 14:21:23 -  - TIME LoadModulesUpdates(request) 0.208 sec
2011-06-14 14:21:23 -  - exec CUpdateClient::ParseServerData
2011-06-14 14:21:23 - LMU01 - LoadModulesUpdates-Step
2011-06-14 14:21:23 -  - exec CUpdateClient::LoadModulesUpdates
2011-06-14 14:21:23 -  - exec CUpdateClient::CollectRequestData
2011-06-14 14:21:23 -  - exec CUpdateClient::ParseServerData
2011-06-14 14:21:24 - DOWNLOAD - Time - 0.644009828568 sec
2011-06-14 14:21:24 -  - exec CUpdateClient::UnGzipArchive
2011-06-14 14:21:24 -  - TIME UnGzipArchive 0.04 sec
2011-06-14 14:21:24 - CSURUS1 - Run updater '/bitrix/updates/update_m1308046884/fileman/updater10.0.5.php'
2011-06-14 14:21:24 - CRUPDCF1 - Run updater '/bitrix/updates/update_m1308046884/fileman/updater10.0.5.php': CopyFiles(install/admin, admin)
2011-06-14 14:21:24 - CRUPDCF1 - Run updater '/bitrix/updates/update_m1308046884/fileman/updater10.0.5.php': CopyFiles(install/components, components)
2011-06-14 14:21:24 - CRUPDCF1 - Run updater '/bitrix/updates/update_m1308046884/fileman/updater10.0.5.php': CopyFiles(install/js, js)
2011-06-14 14:21:24 -  - TIME UpdateStepModules 0.112 sec
2011-06-14 14:21:24 - UPD_SUCCESS - Updated: fileman (10.0.5)<br><li>Обновление версии медиаплеера. <li>Исправление интерфейсных ошибок визуального редактора.
2011-06-14 14:21:24 -  - exec CUpdateClient::LoadModulesUpdates
2011-06-14 14:21:24 -  - exec CUpdateClient::CollectRequestData
2011-06-14 14:21:24 -  - LICENSE_KEY=X&lang=ru&SUPD_VER=9.5.6&VERSION=10.0.7&TYPENC=F&SUPD_STS=1&SUPD_URS=0&SUPD_URSA=1&SUPD_DBS=MYSQL&XE=N&CLIENT_SITE=www.rezalmaz.ru&CANGZIP=Y&CLIENT_PHPVER=5.2.6-1%2Blenny10&stable=Y&bitm_main=10.0.7&bitm_perfmon=10.0.1&bitm_socialservices=10.0.2&bitm_compression=10.0.0&bitm_fileman=10.0.5&bitm_search=10.0.2&bitm_sitecorporate=10.0.0&bitm_seo=10.0.0&bitm_iblock=10.0.2&bitl_en=20070905&bitl_ru=&bith_ru=&bith_en=
2011-06-14 14:21:24 -  - exec CUpdateClient::GetHTTPPage
2011-06-14 14:21:24 -  - TIME LoadModulesUpdates(request) 0.232 sec
2011-06-14 14:21:24 -  - exec CUpdateClient::ParseServerData
2011-06-14 14:21:24 - LMU01 - LoadModulesUpdates-Step
2011-06-14 14:21:24 -  - exec CUpdateClient::LoadModulesUpdates
2011-06-14 14:21:24 -  - exec CUpdateClient::CollectRequestData
2011-06-14 14:21:24 -  - exec CUpdateClient::ParseServerData
2011-06-14 14:21:26 - DOWNLOAD - Time - 1.55602407455 sec
2011-06-14 14:21:26 -  - exec CUpdateClient::UnGzipArchive
2011-06-14 14:21:26 -  - TIME UnGzipArchive 0.152 sec
2011-06-14 14:21:26 - CSURUS1 - Run updater '/bitrix/updates/update_m1308046886/iblock/updater10.0.3/index.php'
2011-06-14 14:21:26 - CRUPDCF1 - Run updater '/bitrix/updates/update_m1308046886/iblock/updater10.0.3/index.php': CopyFiles(install/admin, admin)
2011-06-14 14:21:26 - CRUPDCF1 - Run updater '/bitrix/updates/update_m1308046886/iblock/updater10.0.3/index.php': CopyFiles(install/components, components)
2011-06-14 14:21:26 - CRUPDCF1 - Run updater '/bitrix/updates/update_m1308046886/iblock/updater10.0.3/index.php': CopyFiles(install/js, js/iblock)
2011-06-14 14:21:26 - CRUPDCF1 - Run updater '/bitrix/updates/update_m1308046886/iblock/updater10.0.3/index.php': CopyFiles(install/themes, themes)
2011-06-14 14:21:26 - CRUPDCDF3 - Run updater '/bitrix/updates/update_m1308046886/iblock/updater10.0.3/index.php': QueryBatch(/bitrix/updates/update_m1308046886/iblock/updater10.0.3/mysql.sql, )
2011-06-14 14:21:27 -  - TIME UpdateStepModules 0.568 sec
2011-06-14 14:21:27 - UPD_SUCCESS - Updated: iblock (10.0.3)<br><li>В списке элементов добавлена операция смены статуса. <li>В XML-экспорт теперь записываются пустые значения детальной картинки, разделов и описания. <li>Изменена форма редактирования инфоблока - правка настроек свойств инфоблока во всплывающем окне, добавлена вкладка \"Торговый каталог\", добавлено создание связки двух инфоблоков \"товар-предложение\". <li>В форме правки элемента инфоблока добавлена новая вкладка - \"Торговые предложения\" (для инфоблоков товаров), на которой реализован интерфейс работы с торговыми предложениями товара. <li>Исправлены незначительные ошибки модуля. 
2011-06-14 14:21:27 -  - exec CUpdateClient::LoadModulesUpdates
2011-06-14 14:21:27 -  - exec CUpdateClient::CollectRequestData
2011-06-14 14:21:27 -  - LICENSE_KEY=X&lang=ru&SUPD_VER=9.5.6&VERSION=10.0.7&TYPENC=F&SUPD_STS=1&SUPD_URS=0&SUPD_URSA=1&SUPD_DBS=MYSQL&XE=N&CLIENT_SITE=www.rezalmaz.ru&CANGZIP=Y&CLIENT_PHPVER=5.2.6-1%2Blenny10&stable=Y&bitm_main=10.0.7&bitm_perfmon=10.0.1&bitm_socialservices=10.0.2&bitm_compression=10.0.0&bitm_fileman=10.0.5&bitm_search=10.0.2&bitm_sitecorporate=10.0.0&bitm_seo=10.0.0&bitm_iblock=10.0.3&bitl_en=20070905&bitl_ru=&bith_ru=&bith_en=
2011-06-14 14:21:27 -  - exec CUpdateClient::GetHTTPPage
2011-06-14 14:21:27 -  - TIME LoadModulesUpdates(request) 0.184 sec
2011-06-14 14:21:27 -  - exec CUpdateClient::ParseServerData
2011-06-14 14:21:27 - LMU01 - LoadModulesUpdates-Step
2011-06-14 14:21:27 -  - exec CUpdateClient::LoadModulesUpdates
2011-06-14 14:21:27 -  - exec CUpdateClient::CollectRequestData
2011-06-14 14:21:27 -  - exec CUpdateClient::ParseServerData
2011-06-14 14:21:28 - DOWNLOAD - Time - 0.372005939484 sec
2011-06-14 14:21:28 -  - exec CUpdateClient::UnGzipArchive
2011-06-14 14:21:28 -  - TIME UnGzipArchive 0.012 sec
2011-06-14 14:21:28 - CSURUS1 - Run updater '/bitrix/updates/update_m1308046888/iblock/updater10.0.4.php'
2011-06-14 14:21:28 - CRUPDCF1 - Run updater '/bitrix/updates/update_m1308046888/iblock/updater10.0.4.php': CopyFiles(install/components, components)
2011-06-14 14:21:28 -  - TIME UpdateStepModules 0.044 sec
2011-06-14 14:21:28 - UPD_SUCCESS - Updated: iblock (10.0.4)<br><li>Исправлена ошибка формы редактирования элемента в редакциях без торгового каталога. 
2011-06-14 14:21:28 -  - exec CUpdateClient::LoadModulesUpdates
2011-06-14 14:21:28 -  - exec CUpdateClient::CollectRequestData
2011-06-14 14:21:28 -  - LICENSE_KEY=X&lang=ru&SUPD_VER=9.5.6&VERSION=10.0.7&TYPENC=F&SUPD_STS=1&SUPD_URS=0&SUPD_URSA=1&SUPD_DBS=MYSQL&XE=N&CLIENT_SITE=www.rezalmaz.ru&CANGZIP=Y&CLIENT_PHPVER=5.2.6-1%2Blenny10&stable=Y&bitm_main=10.0.7&bitm_perfmon=10.0.1&bitm_socialservices=10.0.2&bitm_compression=10.0.0&bitm_fileman=10.0.5&bitm_search=10.0.2&bitm_sitecorporate=10.0.0&bitm_seo=10.0.0&bitm_iblock=10.0.4&bitl_en=20070905&bitl_ru=&bith_ru=&bith_en=
2011-06-14 14:21:28 -  - exec CUpdateClient::GetHTTPPage
2011-06-14 14:21:28 -  - TIME LoadModulesUpdates(request) 0.26 sec
2011-06-14 14:21:28 -  - exec CUpdateClient::ParseServerData
2011-06-14 14:21:28 - LMU01 - LoadModulesUpdates-Step
2011-06-14 14:21:28 -  - exec CUpdateClient::LoadModulesUpdates
2011-06-14 14:21:28 -  - exec CUpdateClient::CollectRequestData
2011-06-14 14:21:28 -  - exec CUpdateClient::ParseServerData
2011-06-14 14:21:29 - DOWNLOAD - Time - 0.936013936996 sec
2011-06-14 14:21:29 -  - exec CUpdateClient::UnGzipArchive
2011-06-14 14:21:29 -  - TIME UnGzipArchive 0.02 sec
2011-06-14 14:21:29 - CSURUS1 - Run updater '/bitrix/updates/update_m1308046889/iblock/updater10.0.5.php'
2011-06-14 14:21:29 - CRUPDCF1 - Run updater '/bitrix/updates/update_m1308046889/iblock/updater10.0.5.php': CopyFiles(install/components, components)
2011-06-14 14:21:30 -  - TIME UpdateStepModules 0.084 sec
2011-06-14 14:21:30 - UPD_SUCCESS - Updated: iblock (10.0.5)<br><li>Компоненты теперь допускают указание nulls в сортировке. <li>Исправлена ошибка свойства привязки при выгрузке из 1С. 
2011-06-14 14:21:30 -  - exec CUpdateClient::LoadModulesUpdates
2011-06-14 14:21:30 -  - exec CUpdateClient::CollectRequestData
2011-06-14 14:21:30 -  - LICENSE_KEY=X&lang=ru&SUPD_VER=9.5.6&VERSION=10.0.7&TYPENC=F&SUPD_STS=1&SUPD_URS=0&SUPD_URSA=1&SUPD_DBS=MYSQL&XE=N&CLIENT_SITE=www.rezalmaz.ru&CANGZIP=Y&CLIENT_PHPVER=5.2.6-1%2Blenny10&stable=Y&bitm_main=10.0.7&bitm_perfmon=10.0.1&bitm_socialservices=10.0.2&bitm_compression=10.0.0&bitm_fileman=10.0.5&bitm_search=10.0.2&bitm_sitecorporate=10.0.0&bitm_seo=10.0.0&bitm_iblock=10.0.5&bitl_en=20070905&bitl_ru=&bith_ru=&bith_en=
2011-06-14 14:21:30 -  - exec CUpdateClient::GetHTTPPage
2011-06-14 14:21:30 -  - TIME LoadModulesUpdates(request) 0.208 sec
2011-06-14 14:21:30 -  - exec CUpdateClient::ParseServerData
2011-06-14 14:21:30 - LMU01 - LoadModulesUpdates-Step
2011-06-14 14:21:30 -  - exec CUpdateClient::LoadModulesUpdates
2011-06-14 14:21:30 -  - exec CUpdateClient::CollectRequestData
2011-06-14 14:21:30 -  - exec CUpdateClient::ParseServerData
2011-06-14 14:21:31 - DOWNLOAD - Time - 0.656009912491 sec
2011-06-14 14:21:31 -  - exec CUpdateClient::UnGzipArchive
2011-06-14 14:21:31 -  - TIME UnGzipArchive 0.056 sec
2011-06-14 14:21:31 - CSURUS1 - Run updater '/bitrix/updates/update_m1308046891/iblock/updater10.0.6.php'
2011-06-14 14:21:31 - CRUPDCF1 - Run updater '/bitrix/updates/update_m1308046891/iblock/updater10.0.6.php': CopyFiles(install/components, components)
2011-06-14 14:21:31 -  - TIME UpdateStepModules 0.104 sec
2011-06-14 14:21:31 - UPD_SUCCESS - Updated: iblock (10.0.6)<br><li>Незначительные исправления административного интерфейса. <li>В компонент iblock.element.add добавлена начальная поддержка бизнес процессов (без параметров). 
2011-06-14 14:21:31 -  - exec CUpdateClient::LoadModulesUpdates
2011-06-14 14:21:31 -  - exec CUpdateClient::CollectRequestData
2011-06-14 14:21:31 -  - LICENSE_KEY=X&lang=ru&SUPD_VER=9.5.6&VERSION=10.0.7&TYPENC=F&SUPD_STS=1&SUPD_URS=0&SUPD_URSA=1&SUPD_DBS=MYSQL&XE=N&CLIENT_SITE=www.rezalmaz.ru&CANGZIP=Y&CLIENT_PHPVER=5.2.6-1%2Blenny10&stable=Y&bitm_main=10.0.7&bitm_perfmon=10.0.1&bitm_socialservices=10.0.2&bitm_compression=10.0.0&bitm_fileman=10.0.5&bitm_search=10.0.2&bitm_sitecorporate=10.0.0&bitm_seo=10.0.0&bitm_iblock=10.0.6&bitl_en=20070905&bitl_ru=&bith_ru=&bith_en=
2011-06-14 14:21:31 -  - exec CUpdateClient::GetHTTPPage
2011-06-14 14:21:32 -  - TIME LoadModulesUpdates(request) 0.576 sec
2011-06-14 14:21:32 -  - exec CUpdateClient::ParseServerData
2011-06-14 14:21:32 - LMU01 - LoadModulesUpdates-Step
2011-06-14 14:21:32 -  - exec CUpdateClient::LoadModulesUpdates
2011-06-14 14:21:32 -  - exec CUpdateClient::CollectRequestData
2011-06-14 14:21:32 -  - exec CUpdateClient::ParseServerData
2011-06-14 14:21:32 - DOWNLOAD - Time - 0.440006971359 sec
2011-06-14 14:21:32 -  - exec CUpdateClient::UnGzipArchive
2011-06-14 14:21:32 -  - TIME UnGzipArchive 0.04 sec
2011-06-14 14:21:32 - CSURUS1 - Run updater '/bitrix/updates/update_m1308046892/iblock/updater10.0.7.php'
2011-06-14 14:21:32 - CRUPDCF1 - Run updater '/bitrix/updates/update_m1308046892/iblock/updater10.0.7.php': CopyFiles(install/components, components)
2011-06-14 14:21:33 - CRUPDCF1 - Run updater '/bitrix/updates/update_m1308046892/iblock/updater10.0.7.php': CopyFiles(install/js, js/iblock)
2011-06-14 14:21:33 -  - TIME UpdateStepModules 0.128 sec
2011-06-14 14:21:33 - UPD_SUCCESS - Updated: iblock (10.0.7)<br><li>При создании инфоблока, если не были заполнены все обязательные поля, терялось значение флага SUBSCRIPTION (если инфоблок делали торговым каталогом с возможностью продажи контента). <li>Исправлена ошибка, позволявшая править настройки свойств инфоблоков только администраторам (игнорировались группы пользователей с правами полный доступ). <li>Исправления импорта из 1С. 
2011-06-14 14:21:33 -  - exec CUpdateClient::LoadModulesUpdates
2011-06-14 14:21:33 -  - exec CUpdateClient::CollectRequestData
2011-06-14 14:21:33 -  - LICENSE_KEY=X&lang=ru&SUPD_VER=9.5.6&VERSION=10.0.7&TYPENC=F&SUPD_STS=1&SUPD_URS=0&SUPD_URSA=1&SUPD_DBS=MYSQL&XE=N&CLIENT_SITE=www.rezalmaz.ru&CANGZIP=Y&CLIENT_PHPVER=5.2.6-1%2Blenny10&stable=Y&bitm_main=10.0.7&bitm_perfmon=10.0.1&bitm_socialservices=10.0.2&bitm_compression=10.0.0&bitm_fileman=10.0.5&bitm_search=10.0.2&bitm_sitecorporate=10.0.0&bitm_seo=10.0.0&bitm_iblock=10.0.7&bitl_en=20070905&bitl_ru=&bith_ru=&bith_en=
2011-06-14 14:21:33 -  - exec CUpdateClient::GetHTTPPage
2011-06-14 14:21:33 -  - TIME LoadModulesUpdates(request) 0.284 sec
2011-06-14 14:21:33 -  - exec CUpdateClient::ParseServerData
2011-06-14 14:21:33 - STEP - Finish - NOUPDATES
2011-06-14 14:21:33 - STEP - Finish - NOUPDATES
2020-01-22 10:52:06 -  - exec CUpdateClient::GetUpdatesList
2020-01-22 10:52:06 -  - exec CUpdateClient::CollectRequestData
2020-01-22 10:52:06 -  - LICENSE_KEY=X&lang=ru&SUPD_VER=9.5.6&VERSION=10.0.7&TYPENC=F&SUPD_STS=1&SUPD_URS=0&SUPD_URSA=7&SUPD_DBS=MYSQL&XE=N&CLIENT_SITE=www.rezalmaz.ru&CANGZIP=Y&CLIENT_PHPVER=5.6.40&stable=Y&bitm_main=10.0.7&bitm_socialservices=10.0.2&bitm_iblock=10.0.7&bitm_search=10.0.2&bitm_sitecorporate=10.0.0&bitm_compression=10.0.0&bitm_seo=10.0.0&bitm_perfmon=10.0.1&bitm_fileman=10.0.5&bitl_en=20070905&bitl_ru=&bith_ru=&bith_en=
2020-01-22 10:52:06 -  - exec CUpdateClient::GetHTTPPage
2020-01-22 10:52:06 -  - TIME GetUpdatesList(request) 0.261 sec
2020-01-22 10:52:06 -  - exec CUpdateClient::ParseServerData
2020-01-22 13:02:02 -  - exec CUpdateClient::GetUpdatesList
2020-01-22 13:02:02 -  - exec CUpdateClient::CollectRequestData
2020-01-22 13:02:02 -  - LICENSE_KEY=X&lang=ru&SUPD_VER=9.5.6&VERSION=10.0.7&TYPENC=F&SUPD_STS=1&SUPD_URS=0&SUPD_URSA=7&SUPD_DBS=MYSQL&XE=N&CLIENT_SITE=www.rezalmaz.ru&CANGZIP=Y&CLIENT_PHPVER=5.6.40&stable=Y&bitm_main=10.0.7&bitm_socialservices=10.0.2&bitm_iblock=10.0.7&bitm_search=10.0.2&bitm_sitecorporate=10.0.0&bitm_compression=10.0.0&bitm_seo=10.0.0&bitm_perfmon=10.0.1&bitm_fileman=10.0.5&bitl_en=20070905&bitl_ru=&bith_ru=&bith_en=
2020-01-22 13:02:02 -  - exec CUpdateClient::GetHTTPPage
2020-01-22 13:02:03 -  - TIME GetUpdatesList(request) 0.279 sec
2020-01-22 13:02:03 -  - exec CUpdateClient::ParseServerData
